{"/Users/rrasmuss/projects/epicreact/react-performance/src/final/01.extra-1.js": {"path":"/Users/rrasmuss/projects/epicreact/react-performance/src/final/01.extra-1.js","statementMap":{"0":{"start":{"line":7,"column":18},"end":{"line":7,"column":42}},"1":{"start":{"line":7,"column":24},"end":{"line":7,"column":42}},"2":{"start":{"line":8,"column":14},"end":{"line":8,"column":35}},"3":{"start":{"line":11,"column":36},"end":{"line":11,"column":57}},"4":{"start":{"line":13,"column":2},"end":{"line":42,"column":3}},"5":{"start":{"line":32,"column":25},"end":{"line":32,"column":55}}},"fnMap":{"0":{"name":"(anonymous_0)","decl":{"start":{"line":7,"column":18},"end":{"line":7,"column":19}},"loc":{"start":{"line":7,"column":24},"end":{"line":7,"column":42}},"line":7},"1":{"name":"App","decl":{"start":{"line":10,"column":9},"end":{"line":10,"column":12}},"loc":{"start":{"line":10,"column":15},"end":{"line":43,"column":1}},"line":10},"2":{"name":"(anonymous_2)","decl":{"start":{"line":32,"column":20},"end":{"line":32,"column":21}},"loc":{"start":{"line":32,"column":25},"end":{"line":32,"column":55}},"line":32}},"branchMap":{"0":{"loc":{"start":{"line":38,"column":11},"end":{"line":38,"column":39}},"type":"cond-expr","locations":[{"start":{"line":38,"column":23},"end":{"line":38,"column":32}},{"start":{"line":38,"column":35},"end":{"line":38,"column":39}}],"line":38}},"s":{"0":0,"1":0,"2":0,"3":0,"4":0,"5":0},"f":{"0":0,"1":0,"2":0},"b":{"0":[0,0]}}
,"/Users/rrasmuss/projects/epicreact/react-performance/src/final/01.extra-2.js": {"path":"/Users/rrasmuss/projects/epicreact/react-performance/src/final/01.extra-2.js","statementMap":{"0":{"start":{"line":7,"column":14},"end":{"line":7,"column":78}},"1":{"start":{"line":7,"column":31},"end":{"line":7,"column":77}},"2":{"start":{"line":10,"column":36},"end":{"line":10,"column":57}},"3":{"start":{"line":12,"column":2},"end":{"line":37,"column":3}},"4":{"start":{"line":27,"column":25},"end":{"line":27,"column":55}}},"fnMap":{"0":{"name":"(anonymous_0)","decl":{"start":{"line":7,"column":25},"end":{"line":7,"column":26}},"loc":{"start":{"line":7,"column":31},"end":{"line":7,"column":77}},"line":7},"1":{"name":"App","decl":{"start":{"line":9,"column":9},"end":{"line":9,"column":12}},"loc":{"start":{"line":9,"column":15},"end":{"line":38,"column":1}},"line":9},"2":{"name":"(anonymous_2)","decl":{"start":{"line":27,"column":20},"end":{"line":27,"column":21}},"loc":{"start":{"line":27,"column":25},"end":{"line":27,"column":55}},"line":27}},"branchMap":{"0":{"loc":{"start":{"line":33,"column":11},"end":{"line":33,"column":39}},"type":"cond-expr","locations":[{"start":{"line":33,"column":23},"end":{"line":33,"column":32}},{"start":{"line":33,"column":35},"end":{"line":33,"column":39}}],"line":33}},"s":{"0":0,"1":0,"2":0,"3":0,"4":0},"f":{"0":0,"1":0,"2":0},"b":{"0":[0,0]}}
,"/Users/rrasmuss/projects/epicreact/react-performance/src/final/01.js": {"path":"/Users/rrasmuss/projects/epicreact/react-performance/src/final/01.js","statementMap":{"0":{"start":{"line":6,"column":14},"end":{"line":6,"column":50}},"1":{"start":{"line":6,"column":31},"end":{"line":6,"column":49}},"2":{"start":{"line":9,"column":36},"end":{"line":9,"column":57}},"3":{"start":{"line":11,"column":2},"end":{"line":36,"column":3}},"4":{"start":{"line":26,"column":25},"end":{"line":26,"column":55}}},"fnMap":{"0":{"name":"(anonymous_0)","decl":{"start":{"line":6,"column":25},"end":{"line":6,"column":26}},"loc":{"start":{"line":6,"column":31},"end":{"line":6,"column":49}},"line":6},"1":{"name":"App","decl":{"start":{"line":8,"column":9},"end":{"line":8,"column":12}},"loc":{"start":{"line":8,"column":15},"end":{"line":37,"column":1}},"line":8},"2":{"name":"(anonymous_2)","decl":{"start":{"line":26,"column":20},"end":{"line":26,"column":21}},"loc":{"start":{"line":26,"column":25},"end":{"line":26,"column":55}},"line":26}},"branchMap":{"0":{"loc":{"start":{"line":32,"column":11},"end":{"line":32,"column":39}},"type":"cond-expr","locations":[{"start":{"line":32,"column":23},"end":{"line":32,"column":32}},{"start":{"line":32,"column":35},"end":{"line":32,"column":39}}],"line":32}},"s":{"0":1,"1":1,"2":2,"3":2,"4":1},"f":{"0":1,"1":2,"2":1},"b":{"0":[1,1]},"_coverageSchema":"1a1c01bbd47fc00a2c39e90264f33305004495a9","hash":"a16a1e1c1deb8ef25b75eb2918809bf9290ea559"}
,"/Users/rrasmuss/projects/epicreact/react-performance/src/final/02.extra-1.js": {"path":"/Users/rrasmuss/projects/epicreact/react-performance/src/final/02.extra-1.js","statementMap":{"0":{"start":{"line":20,"column":2},"end":{"line":35,"column":3}},"1":{"start":{"line":23,"column":8},"end":{"line":32,"column":19}},"2":{"start":{"line":46,"column":21},"end":{"line":46,"column":49}},"3":{"start":{"line":47,"column":24},"end":{"line":47,"column":50}},"4":{"start":{"line":48,"column":2},"end":{"line":60,"column":3}},"5":{"start":{"line":64,"column":24},"end":{"line":64,"column":42}},"6":{"start":{"line":65,"column":38},"end":{"line":65,"column":56}},"7":{"start":{"line":67,"column":19},"end":{"line":67,"column":74}},"8":{"start":{"line":67,"column":39},"end":{"line":67,"column":59}},"9":{"start":{"line":68,"column":16},"end":{"line":68,"column":38}},"10":{"start":{"line":79,"column":6},"end":{"line":90,"column":4}},"11":{"start":{"line":82,"column":52},"end":{"line":82,"column":75}},"12":{"start":{"line":84,"column":6},"end":{"line":88,"column":7}},"13":{"start":{"line":89,"column":27},"end":{"line":89,"column":48}},"14":{"start":{"line":92,"column":2},"end":{"line":112,"column":3}},"15":{"start":{"line":99,"column":33},"end":{"line":99,"column":49}}},"fnMap":{"0":{"name":"Menu","decl":{"start":{"line":13,"column":9},"end":{"line":13,"column":13}},"loc":{"start":{"line":19,"column":3},"end":{"line":36,"column":1}},"line":19},"1":{"name":"(anonymous_1)","decl":{"start":{"line":22,"column":17},"end":{"line":22,"column":18}},"loc":{"start":{"line":23,"column":8},"end":{"line":32,"column":19}},"line":23},"2":{"name":"ListItem","decl":{"start":{"line":38,"column":9},"end":{"line":38,"column":17}},"loc":{"start":{"line":45,"column":3},"end":{"line":61,"column":1}},"line":45},"3":{"name":"App","decl":{"start":{"line":63,"column":9},"end":{"line":63,"column":12}},"loc":{"start":{"line":63,"column":15},"end":{"line":113,"column":1}},"line":63},"4":{"name":"(anonymous_4)","decl":{"start":{"line":67,"column":33},"end":{"line":67,"column":34}},"loc":{"start":{"line":67,"column":39},"end":{"line":67,"column":59}},"line":67},"5":{"name":"(anonymous_5)","decl":{"start":{"line":82,"column":24},"end":{"line":82,"column":25}},"loc":{"start":{"line":82,"column":52},"end":{"line":82,"column":75}},"line":82},"6":{"name":"(anonymous_6)","decl":{"start":{"line":83,"column":26},"end":{"line":83,"column":27}},"loc":{"start":{"line":84,"column":6},"end":{"line":88,"column":7}},"line":84},"7":{"name":"(anonymous_7)","decl":{"start":{"line":89,"column":18},"end":{"line":89,"column":19}},"loc":{"start":{"line":89,"column":27},"end":{"line":89,"column":48}},"line":89},"8":{"name":"(anonymous_8)","decl":{"start":{"line":99,"column":27},"end":{"line":99,"column":28}},"loc":{"start":{"line":99,"column":33},"end":{"line":99,"column":49}},"line":99}},"branchMap":{"0":{"loc":{"start":{"line":54,"column":22},"end":{"line":54,"column":52}},"type":"cond-expr","locations":[{"start":{"line":54,"column":35},"end":{"line":54,"column":41}},{"start":{"line":54,"column":44},"end":{"line":54,"column":52}}],"line":54},"1":{"loc":{"start":{"line":55,"column":27},"end":{"line":55,"column":66}},"type":"cond-expr","locations":[{"start":{"line":55,"column":43},"end":{"line":55,"column":54}},{"start":{"line":55,"column":57},"end":{"line":55,"column":66}}],"line":55},"2":{"loc":{"start":{"line":85,"column":8},"end":{"line":87,"column":31}},"type":"cond-expr","locations":[{"start":{"line":86,"column":12},"end":{"line":86,"column":47}},{"start":{"line":87,"column":12},"end":{"line":87,"column":31}}],"line":85},"3":{"loc":{"start":{"line":89,"column":27},"end":{"line":89,"column":48}},"type":"cond-expr","locations":[{"start":{"line":89,"column":34},"end":{"line":89,"column":43}},{"start":{"line":89,"column":46},"end":{"line":89,"column":48}}],"line":89}},"s":{"0":0,"1":0,"2":0,"3":0,"4":0,"5":0,"6":0,"7":0,"8":0,"9":0,"10":0,"11":0,"12":0,"13":0,"14":0,"15":0},"f":{"0":0,"1":0,"2":0,"3":0,"4":0,"5":0,"6":0,"7":0,"8":0},"b":{"0":[0,0],"1":[0,0],"2":[0,0],"3":[0,0]}}
,"/Users/rrasmuss/projects/epicreact/react-performance/src/final/02.extra-2.js": {"path":"/Users/rrasmuss/projects/epicreact/react-performance/src/final/02.extra-2.js","statementMap":{"0":{"start":{"line":17,"column":2},"end":{"line":32,"column":3}},"1":{"start":{"line":20,"column":8},"end":{"line":29,"column":19}},"2":{"start":{"line":43,"column":21},"end":{"line":43,"column":49}},"3":{"start":{"line":44,"column":24},"end":{"line":44,"column":50}},"4":{"start":{"line":45,"column":2},"end":{"line":57,"column":3}},"5":{"start":{"line":61,"column":24},"end":{"line":61,"column":42}},"6":{"start":{"line":62,"column":38},"end":{"line":62,"column":56}},"7":{"start":{"line":64,"column":32},"end":{"line":64,"column":71}},"8":{"start":{"line":65,"column":2},"end":{"line":67,"column":23}},"9":{"start":{"line":66,"column":4},"end":{"line":66,"column":29}},"10":{"start":{"line":68,"column":16},"end":{"line":68,"column":38}},"11":{"start":{"line":79,"column":6},"end":{"line":90,"column":4}},"12":{"start":{"line":82,"column":52},"end":{"line":82,"column":75}},"13":{"start":{"line":84,"column":6},"end":{"line":88,"column":7}},"14":{"start":{"line":89,"column":27},"end":{"line":89,"column":48}},"15":{"start":{"line":92,"column":2},"end":{"line":112,"column":3}},"16":{"start":{"line":99,"column":33},"end":{"line":99,"column":49}}},"fnMap":{"0":{"name":"Menu","decl":{"start":{"line":10,"column":9},"end":{"line":10,"column":13}},"loc":{"start":{"line":16,"column":3},"end":{"line":33,"column":1}},"line":16},"1":{"name":"(anonymous_1)","decl":{"start":{"line":19,"column":17},"end":{"line":19,"column":18}},"loc":{"start":{"line":20,"column":8},"end":{"line":29,"column":19}},"line":20},"2":{"name":"ListItem","decl":{"start":{"line":35,"column":9},"end":{"line":35,"column":17}},"loc":{"start":{"line":42,"column":3},"end":{"line":58,"column":1}},"line":42},"3":{"name":"App","decl":{"start":{"line":60,"column":9},"end":{"line":60,"column":12}},"loc":{"start":{"line":60,"column":15},"end":{"line":113,"column":1}},"line":60},"4":{"name":"(anonymous_4)","decl":{"start":{"line":65,"column":18},"end":{"line":65,"column":19}},"loc":{"start":{"line":65,"column":24},"end":{"line":67,"column":3}},"line":65},"5":{"name":"(anonymous_5)","decl":{"start":{"line":82,"column":24},"end":{"line":82,"column":25}},"loc":{"start":{"line":82,"column":52},"end":{"line":82,"column":75}},"line":82},"6":{"name":"(anonymous_6)","decl":{"start":{"line":83,"column":26},"end":{"line":83,"column":27}},"loc":{"start":{"line":84,"column":6},"end":{"line":88,"column":7}},"line":84},"7":{"name":"(anonymous_7)","decl":{"start":{"line":89,"column":18},"end":{"line":89,"column":19}},"loc":{"start":{"line":89,"column":27},"end":{"line":89,"column":48}},"line":89},"8":{"name":"(anonymous_8)","decl":{"start":{"line":99,"column":27},"end":{"line":99,"column":28}},"loc":{"start":{"line":99,"column":33},"end":{"line":99,"column":49}},"line":99}},"branchMap":{"0":{"loc":{"start":{"line":51,"column":22},"end":{"line":51,"column":52}},"type":"cond-expr","locations":[{"start":{"line":51,"column":35},"end":{"line":51,"column":41}},{"start":{"line":51,"column":44},"end":{"line":51,"column":52}}],"line":51},"1":{"loc":{"start":{"line":52,"column":27},"end":{"line":52,"column":66}},"type":"cond-expr","locations":[{"start":{"line":52,"column":43},"end":{"line":52,"column":54}},{"start":{"line":52,"column":57},"end":{"line":52,"column":66}}],"line":52},"2":{"loc":{"start":{"line":85,"column":8},"end":{"line":87,"column":31}},"type":"cond-expr","locations":[{"start":{"line":86,"column":12},"end":{"line":86,"column":47}},{"start":{"line":87,"column":12},"end":{"line":87,"column":31}}],"line":85},"3":{"loc":{"start":{"line":89,"column":27},"end":{"line":89,"column":48}},"type":"cond-expr","locations":[{"start":{"line":89,"column":34},"end":{"line":89,"column":43}},{"start":{"line":89,"column":46},"end":{"line":89,"column":48}}],"line":89}},"s":{"0":0,"1":0,"2":0,"3":0,"4":0,"5":0,"6":0,"7":0,"8":0,"9":0,"10":0,"11":0,"12":0,"13":0,"14":0,"15":0,"16":0},"f":{"0":0,"1":0,"2":0,"3":0,"4":0,"5":0,"6":0,"7":0,"8":0},"b":{"0":[0,0],"1":[0,0],"2":[0,0],"3":[0,0]}}
,"/Users/rrasmuss/projects/epicreact/react-performance/src/final/02.js": {"path":"/Users/rrasmuss/projects/epicreact/react-performance/src/final/02.js","statementMap":{"0":{"start":{"line":16,"column":2},"end":{"line":31,"column":3}},"1":{"start":{"line":19,"column":8},"end":{"line":28,"column":19}},"2":{"start":{"line":42,"column":21},"end":{"line":42,"column":49}},"3":{"start":{"line":43,"column":24},"end":{"line":43,"column":50}},"4":{"start":{"line":44,"column":2},"end":{"line":56,"column":3}},"5":{"start":{"line":60,"column":24},"end":{"line":60,"column":42}},"6":{"start":{"line":61,"column":38},"end":{"line":61,"column":56}},"7":{"start":{"line":63,"column":19},"end":{"line":63,"column":74}},"8":{"start":{"line":63,"column":39},"end":{"line":63,"column":59}},"9":{"start":{"line":64,"column":16},"end":{"line":64,"column":38}},"10":{"start":{"line":75,"column":6},"end":{"line":86,"column":4}},"11":{"start":{"line":78,"column":52},"end":{"line":78,"column":75}},"12":{"start":{"line":80,"column":6},"end":{"line":84,"column":7}},"13":{"start":{"line":85,"column":27},"end":{"line":85,"column":48}},"14":{"start":{"line":88,"column":2},"end":{"line":108,"column":3}},"15":{"start":{"line":95,"column":33},"end":{"line":95,"column":49}}},"fnMap":{"0":{"name":"Menu","decl":{"start":{"line":9,"column":9},"end":{"line":9,"column":13}},"loc":{"start":{"line":15,"column":3},"end":{"line":32,"column":1}},"line":15},"1":{"name":"(anonymous_1)","decl":{"start":{"line":18,"column":17},"end":{"line":18,"column":18}},"loc":{"start":{"line":19,"column":8},"end":{"line":28,"column":19}},"line":19},"2":{"name":"ListItem","decl":{"start":{"line":34,"column":9},"end":{"line":34,"column":17}},"loc":{"start":{"line":41,"column":3},"end":{"line":57,"column":1}},"line":41},"3":{"name":"App","decl":{"start":{"line":59,"column":9},"end":{"line":59,"column":12}},"loc":{"start":{"line":59,"column":15},"end":{"line":109,"column":1}},"line":59},"4":{"name":"(anonymous_4)","decl":{"start":{"line":63,"column":33},"end":{"line":63,"column":34}},"loc":{"start":{"line":63,"column":39},"end":{"line":63,"column":59}},"line":63},"5":{"name":"(anonymous_5)","decl":{"start":{"line":78,"column":24},"end":{"line":78,"column":25}},"loc":{"start":{"line":78,"column":52},"end":{"line":78,"column":75}},"line":78},"6":{"name":"(anonymous_6)","decl":{"start":{"line":79,"column":26},"end":{"line":79,"column":27}},"loc":{"start":{"line":80,"column":6},"end":{"line":84,"column":7}},"line":80},"7":{"name":"(anonymous_7)","decl":{"start":{"line":85,"column":18},"end":{"line":85,"column":19}},"loc":{"start":{"line":85,"column":27},"end":{"line":85,"column":48}},"line":85},"8":{"name":"(anonymous_8)","decl":{"start":{"line":95,"column":27},"end":{"line":95,"column":28}},"loc":{"start":{"line":95,"column":33},"end":{"line":95,"column":49}},"line":95}},"branchMap":{"0":{"loc":{"start":{"line":50,"column":22},"end":{"line":50,"column":52}},"type":"cond-expr","locations":[{"start":{"line":50,"column":35},"end":{"line":50,"column":41}},{"start":{"line":50,"column":44},"end":{"line":50,"column":52}}],"line":50},"1":{"loc":{"start":{"line":51,"column":27},"end":{"line":51,"column":66}},"type":"cond-expr","locations":[{"start":{"line":51,"column":43},"end":{"line":51,"column":54}},{"start":{"line":51,"column":57},"end":{"line":51,"column":66}}],"line":51},"2":{"loc":{"start":{"line":81,"column":8},"end":{"line":83,"column":31}},"type":"cond-expr","locations":[{"start":{"line":82,"column":12},"end":{"line":82,"column":47}},{"start":{"line":83,"column":12},"end":{"line":83,"column":31}}],"line":81},"3":{"loc":{"start":{"line":85,"column":27},"end":{"line":85,"column":48}},"type":"cond-expr","locations":[{"start":{"line":85,"column":34},"end":{"line":85,"column":43}},{"start":{"line":85,"column":46},"end":{"line":85,"column":48}}],"line":85}},"s":{"0":4,"1":200,"2":200,"3":200,"4":200,"5":4,"6":4,"7":4,"8":2,"9":4,"10":4,"11":1,"12":0,"13":0,"14":4,"15":0},"f":{"0":4,"1":200,"2":200,"3":4,"4":2,"5":1,"6":0,"7":0,"8":0},"b":{"0":[0,200],"1":[0,200],"2":[0,0],"3":[0,0]},"_coverageSchema":"1a1c01bbd47fc00a2c39e90264f33305004495a9","hash":"df2d687c1f8866bf7eaf208ececb44f215bbc140"}
,"/Users/rrasmuss/projects/epicreact/react-performance/src/final/03.extra-1.js": {"path":"/Users/rrasmuss/projects/epicreact/react-performance/src/final/03.extra-1.js","statementMap":{"0":{"start":{"line":17,"column":2},"end":{"line":32,"column":3}},"1":{"start":{"line":20,"column":8},"end":{"line":29,"column":19}},"2":{"start":{"line":34,"column":0},"end":{"line":34,"column":23}},"3":{"start":{"line":44,"column":21},"end":{"line":44,"column":49}},"4":{"start":{"line":45,"column":24},"end":{"line":45,"column":50}},"5":{"start":{"line":46,"column":2},"end":{"line":58,"column":3}},"6":{"start":{"line":60,"column":0},"end":{"line":79,"column":2}},"7":{"start":{"line":65,"column":2},"end":{"line":65,"column":69}},"8":{"start":{"line":65,"column":57},"end":{"line":65,"column":69}},"9":{"start":{"line":66,"column":2},"end":{"line":66,"column":53}},"10":{"start":{"line":66,"column":41},"end":{"line":66,"column":53}},"11":{"start":{"line":67,"column":2},"end":{"line":67,"column":55}},"12":{"start":{"line":67,"column":43},"end":{"line":67,"column":55}},"13":{"start":{"line":68,"column":2},"end":{"line":68,"column":69}},"14":{"start":{"line":68,"column":57},"end":{"line":68,"column":69}},"15":{"start":{"line":73,"column":2},"end":{"line":77,"column":3}},"16":{"start":{"line":74,"column":31},"end":{"line":74,"column":77}},"17":{"start":{"line":75,"column":29},"end":{"line":75,"column":75}},"18":{"start":{"line":76,"column":4},"end":{"line":76,"column":50}},"19":{"start":{"line":78,"column":2},"end":{"line":78,"column":13}},"20":{"start":{"line":82,"column":24},"end":{"line":82,"column":42}},"21":{"start":{"line":83,"column":38},"end":{"line":83,"column":56}},"22":{"start":{"line":85,"column":32},"end":{"line":85,"column":71}},"23":{"start":{"line":86,"column":2},"end":{"line":88,"column":23}},"24":{"start":{"line":87,"column":4},"end":{"line":87,"column":29}},"25":{"start":{"line":89,"column":16},"end":{"line":89,"column":38}},"26":{"start":{"line":100,"column":6},"end":{"line":111,"column":4}},"27":{"start":{"line":103,"column":52},"end":{"line":103,"column":75}},"28":{"start":{"line":105,"column":6},"end":{"line":109,"column":7}},"29":{"start":{"line":110,"column":27},"end":{"line":110,"column":48}},"30":{"start":{"line":113,"column":2},"end":{"line":133,"column":3}},"31":{"start":{"line":120,"column":33},"end":{"line":120,"column":49}}},"fnMap":{"0":{"name":"Menu","decl":{"start":{"line":10,"column":9},"end":{"line":10,"column":13}},"loc":{"start":{"line":16,"column":3},"end":{"line":33,"column":1}},"line":16},"1":{"name":"(anonymous_1)","decl":{"start":{"line":19,"column":17},"end":{"line":19,"column":18}},"loc":{"start":{"line":20,"column":8},"end":{"line":29,"column":19}},"line":20},"2":{"name":"ListItem","decl":{"start":{"line":36,"column":9},"end":{"line":36,"column":17}},"loc":{"start":{"line":43,"column":3},"end":{"line":59,"column":1}},"line":43},"3":{"name":"(anonymous_3)","decl":{"start":{"line":60,"column":32},"end":{"line":60,"column":33}},"loc":{"start":{"line":60,"column":58},"end":{"line":79,"column":1}},"line":60},"4":{"name":"App","decl":{"start":{"line":81,"column":9},"end":{"line":81,"column":12}},"loc":{"start":{"line":81,"column":15},"end":{"line":134,"column":1}},"line":81},"5":{"name":"(anonymous_5)","decl":{"start":{"line":86,"column":18},"end":{"line":86,"column":19}},"loc":{"start":{"line":86,"column":24},"end":{"line":88,"column":3}},"line":86},"6":{"name":"(anonymous_6)","decl":{"start":{"line":103,"column":24},"end":{"line":103,"column":25}},"loc":{"start":{"line":103,"column":52},"end":{"line":103,"column":75}},"line":103},"7":{"name":"(anonymous_7)","decl":{"start":{"line":104,"column":26},"end":{"line":104,"column":27}},"loc":{"start":{"line":105,"column":6},"end":{"line":109,"column":7}},"line":105},"8":{"name":"(anonymous_8)","decl":{"start":{"line":110,"column":18},"end":{"line":110,"column":19}},"loc":{"start":{"line":110,"column":27},"end":{"line":110,"column":48}},"line":110},"9":{"name":"(anonymous_9)","decl":{"start":{"line":120,"column":27},"end":{"line":120,"column":28}},"loc":{"start":{"line":120,"column":33},"end":{"line":120,"column":49}},"line":120}},"branchMap":{"0":{"loc":{"start":{"line":52,"column":22},"end":{"line":52,"column":52}},"type":"cond-expr","locations":[{"start":{"line":52,"column":35},"end":{"line":52,"column":41}},{"start":{"line":52,"column":44},"end":{"line":52,"column":52}}],"line":52},"1":{"loc":{"start":{"line":53,"column":27},"end":{"line":53,"column":66}},"type":"cond-expr","locations":[{"start":{"line":53,"column":43},"end":{"line":53,"column":54}},{"start":{"line":53,"column":57},"end":{"line":53,"column":66}}],"line":53},"2":{"loc":{"start":{"line":65,"column":2},"end":{"line":65,"column":69}},"type":"if","locations":[{"start":{"line":65,"column":2},"end":{"line":65,"column":69}},{"start":{},"end":{}}],"line":65},"3":{"loc":{"start":{"line":66,"column":2},"end":{"line":66,"column":53}},"type":"if","locations":[{"start":{"line":66,"column":2},"end":{"line":66,"column":53}},{"start":{},"end":{}}],"line":66},"4":{"loc":{"start":{"line":67,"column":2},"end":{"line":67,"column":55}},"type":"if","locations":[{"start":{"line":67,"column":2},"end":{"line":67,"column":55}},{"start":{},"end":{}}],"line":67},"5":{"loc":{"start":{"line":68,"column":2},"end":{"line":68,"column":69}},"type":"if","locations":[{"start":{"line":68,"column":2},"end":{"line":68,"column":69}},{"start":{},"end":{}}],"line":68},"6":{"loc":{"start":{"line":73,"column":2},"end":{"line":77,"column":3}},"type":"if","locations":[{"start":{"line":73,"column":2},"end":{"line":77,"column":3}},{"start":{},"end":{}}],"line":73},"7":{"loc":{"start":{"line":106,"column":8},"end":{"line":108,"column":31}},"type":"cond-expr","locations":[{"start":{"line":107,"column":12},"end":{"line":107,"column":47}},{"start":{"line":108,"column":12},"end":{"line":108,"column":31}}],"line":106},"8":{"loc":{"start":{"line":110,"column":27},"end":{"line":110,"column":48}},"type":"cond-expr","locations":[{"start":{"line":110,"column":34},"end":{"line":110,"column":43}},{"start":{"line":110,"column":46},"end":{"line":110,"column":48}}],"line":110}},"s":{"0":0,"1":0,"2":0,"3":0,"4":0,"5":0,"6":0,"7":0,"8":0,"9":0,"10":0,"11":0,"12":0,"13":0,"14":0,"15":0,"16":0,"17":0,"18":0,"19":0,"20":0,"21":0,"22":0,"23":0,"24":0,"25":0,"26":0,"27":0,"28":0,"29":0,"30":0,"31":0},"f":{"0":0,"1":0,"2":0,"3":0,"4":0,"5":0,"6":0,"7":0,"8":0,"9":0},"b":{"0":[0,0],"1":[0,0],"2":[0,0],"3":[0,0],"4":[0,0],"5":[0,0],"6":[0,0],"7":[0,0],"8":[0,0]}}
,"/Users/rrasmuss/projects/epicreact/react-performance/src/final/03.extra-2.js": {"path":"/Users/rrasmuss/projects/epicreact/react-performance/src/final/03.extra-2.js","statementMap":{"0":{"start":{"line":17,"column":2},"end":{"line":32,"column":3}},"1":{"start":{"line":20,"column":8},"end":{"line":29,"column":19}},"2":{"start":{"line":34,"column":0},"end":{"line":34,"column":23}},"3":{"start":{"line":44,"column":2},"end":{"line":56,"column":3}},"4":{"start":{"line":58,"column":0},"end":{"line":58,"column":31}},"5":{"start":{"line":61,"column":24},"end":{"line":61,"column":42}},"6":{"start":{"line":62,"column":38},"end":{"line":62,"column":56}},"7":{"start":{"line":64,"column":32},"end":{"line":64,"column":71}},"8":{"start":{"line":65,"column":2},"end":{"line":67,"column":23}},"9":{"start":{"line":66,"column":4},"end":{"line":66,"column":29}},"10":{"start":{"line":68,"column":16},"end":{"line":68,"column":38}},"11":{"start":{"line":79,"column":6},"end":{"line":90,"column":4}},"12":{"start":{"line":82,"column":52},"end":{"line":82,"column":75}},"13":{"start":{"line":84,"column":6},"end":{"line":88,"column":7}},"14":{"start":{"line":89,"column":27},"end":{"line":89,"column":48}},"15":{"start":{"line":92,"column":2},"end":{"line":112,"column":3}},"16":{"start":{"line":99,"column":33},"end":{"line":99,"column":49}}},"fnMap":{"0":{"name":"Menu","decl":{"start":{"line":10,"column":9},"end":{"line":10,"column":13}},"loc":{"start":{"line":16,"column":3},"end":{"line":33,"column":1}},"line":16},"1":{"name":"(anonymous_1)","decl":{"start":{"line":19,"column":17},"end":{"line":19,"column":18}},"loc":{"start":{"line":20,"column":8},"end":{"line":29,"column":19}},"line":20},"2":{"name":"ListItem","decl":{"start":{"line":36,"column":9},"end":{"line":36,"column":17}},"loc":{"start":{"line":43,"column":3},"end":{"line":57,"column":1}},"line":43},"3":{"name":"App","decl":{"start":{"line":60,"column":9},"end":{"line":60,"column":12}},"loc":{"start":{"line":60,"column":15},"end":{"line":113,"column":1}},"line":60},"4":{"name":"(anonymous_4)","decl":{"start":{"line":65,"column":18},"end":{"line":65,"column":19}},"loc":{"start":{"line":65,"column":24},"end":{"line":67,"column":3}},"line":65},"5":{"name":"(anonymous_5)","decl":{"start":{"line":82,"column":24},"end":{"line":82,"column":25}},"loc":{"start":{"line":82,"column":52},"end":{"line":82,"column":75}},"line":82},"6":{"name":"(anonymous_6)","decl":{"start":{"line":83,"column":26},"end":{"line":83,"column":27}},"loc":{"start":{"line":84,"column":6},"end":{"line":88,"column":7}},"line":84},"7":{"name":"(anonymous_7)","decl":{"start":{"line":89,"column":18},"end":{"line":89,"column":19}},"loc":{"start":{"line":89,"column":27},"end":{"line":89,"column":48}},"line":89},"8":{"name":"(anonymous_8)","decl":{"start":{"line":99,"column":27},"end":{"line":99,"column":28}},"loc":{"start":{"line":99,"column":33},"end":{"line":99,"column":49}},"line":99}},"branchMap":{"0":{"loc":{"start":{"line":50,"column":27},"end":{"line":50,"column":66}},"type":"cond-expr","locations":[{"start":{"line":50,"column":43},"end":{"line":50,"column":54}},{"start":{"line":50,"column":57},"end":{"line":50,"column":66}}],"line":50},"1":{"loc":{"start":{"line":51,"column":22},"end":{"line":51,"column":52}},"type":"cond-expr","locations":[{"start":{"line":51,"column":35},"end":{"line":51,"column":41}},{"start":{"line":51,"column":44},"end":{"line":51,"column":52}}],"line":51},"2":{"loc":{"start":{"line":85,"column":8},"end":{"line":87,"column":31}},"type":"cond-expr","locations":[{"start":{"line":86,"column":12},"end":{"line":86,"column":47}},{"start":{"line":87,"column":12},"end":{"line":87,"column":31}}],"line":85},"3":{"loc":{"start":{"line":89,"column":27},"end":{"line":89,"column":48}},"type":"cond-expr","locations":[{"start":{"line":89,"column":34},"end":{"line":89,"column":43}},{"start":{"line":89,"column":46},"end":{"line":89,"column":48}}],"line":89}},"s":{"0":0,"1":0,"2":0,"3":0,"4":0,"5":0,"6":0,"7":0,"8":0,"9":0,"10":0,"11":0,"12":0,"13":0,"14":0,"15":0,"16":0},"f":{"0":0,"1":0,"2":0,"3":0,"4":0,"5":0,"6":0,"7":0,"8":0},"b":{"0":[0,0],"1":[0,0],"2":[0,0],"3":[0,0]}}
,"/Users/rrasmuss/projects/epicreact/react-performance/src/final/03.js": {"path":"/Users/rrasmuss/projects/epicreact/react-performance/src/final/03.js","statementMap":{"0":{"start":{"line":16,"column":2},"end":{"line":31,"column":3}},"1":{"start":{"line":19,"column":8},"end":{"line":28,"column":19}},"2":{"start":{"line":33,"column":0},"end":{"line":33,"column":23}},"3":{"start":{"line":43,"column":21},"end":{"line":43,"column":49}},"4":{"start":{"line":44,"column":24},"end":{"line":44,"column":50}},"5":{"start":{"line":45,"column":2},"end":{"line":57,"column":3}},"6":{"start":{"line":59,"column":0},"end":{"line":59,"column":31}},"7":{"start":{"line":62,"column":24},"end":{"line":62,"column":42}},"8":{"start":{"line":63,"column":38},"end":{"line":63,"column":56}},"9":{"start":{"line":65,"column":32},"end":{"line":65,"column":71}},"10":{"start":{"line":66,"column":2},"end":{"line":68,"column":23}},"11":{"start":{"line":67,"column":4},"end":{"line":67,"column":29}},"12":{"start":{"line":69,"column":16},"end":{"line":69,"column":38}},"13":{"start":{"line":80,"column":6},"end":{"line":91,"column":4}},"14":{"start":{"line":83,"column":52},"end":{"line":83,"column":75}},"15":{"start":{"line":85,"column":6},"end":{"line":89,"column":7}},"16":{"start":{"line":90,"column":27},"end":{"line":90,"column":48}},"17":{"start":{"line":93,"column":2},"end":{"line":113,"column":3}},"18":{"start":{"line":100,"column":33},"end":{"line":100,"column":49}}},"fnMap":{"0":{"name":"Menu","decl":{"start":{"line":9,"column":9},"end":{"line":9,"column":13}},"loc":{"start":{"line":15,"column":3},"end":{"line":32,"column":1}},"line":15},"1":{"name":"(anonymous_1)","decl":{"start":{"line":18,"column":17},"end":{"line":18,"column":18}},"loc":{"start":{"line":19,"column":8},"end":{"line":28,"column":19}},"line":19},"2":{"name":"ListItem","decl":{"start":{"line":35,"column":9},"end":{"line":35,"column":17}},"loc":{"start":{"line":42,"column":3},"end":{"line":58,"column":1}},"line":42},"3":{"name":"App","decl":{"start":{"line":61,"column":9},"end":{"line":61,"column":12}},"loc":{"start":{"line":61,"column":15},"end":{"line":114,"column":1}},"line":61},"4":{"name":"(anonymous_4)","decl":{"start":{"line":66,"column":18},"end":{"line":66,"column":19}},"loc":{"start":{"line":66,"column":24},"end":{"line":68,"column":3}},"line":66},"5":{"name":"(anonymous_5)","decl":{"start":{"line":83,"column":24},"end":{"line":83,"column":25}},"loc":{"start":{"line":83,"column":52},"end":{"line":83,"column":75}},"line":83},"6":{"name":"(anonymous_6)","decl":{"start":{"line":84,"column":26},"end":{"line":84,"column":27}},"loc":{"start":{"line":85,"column":6},"end":{"line":89,"column":7}},"line":85},"7":{"name":"(anonymous_7)","decl":{"start":{"line":90,"column":18},"end":{"line":90,"column":19}},"loc":{"start":{"line":90,"column":27},"end":{"line":90,"column":48}},"line":90},"8":{"name":"(anonymous_8)","decl":{"start":{"line":100,"column":27},"end":{"line":100,"column":28}},"loc":{"start":{"line":100,"column":33},"end":{"line":100,"column":49}},"line":100}},"branchMap":{"0":{"loc":{"start":{"line":51,"column":22},"end":{"line":51,"column":52}},"type":"cond-expr","locations":[{"start":{"line":51,"column":35},"end":{"line":51,"column":41}},{"start":{"line":51,"column":44},"end":{"line":51,"column":52}}],"line":51},"1":{"loc":{"start":{"line":52,"column":27},"end":{"line":52,"column":66}},"type":"cond-expr","locations":[{"start":{"line":52,"column":43},"end":{"line":52,"column":54}},{"start":{"line":52,"column":57},"end":{"line":52,"column":66}}],"line":52},"2":{"loc":{"start":{"line":86,"column":8},"end":{"line":88,"column":31}},"type":"cond-expr","locations":[{"start":{"line":87,"column":12},"end":{"line":87,"column":47}},{"start":{"line":88,"column":12},"end":{"line":88,"column":31}}],"line":86},"3":{"loc":{"start":{"line":90,"column":27},"end":{"line":90,"column":48}},"type":"cond-expr","locations":[{"start":{"line":90,"column":34},"end":{"line":90,"column":43}},{"start":{"line":90,"column":46},"end":{"line":90,"column":48}}],"line":90}},"s":{"0":0,"1":0,"2":1,"3":0,"4":0,"5":0,"6":1,"7":0,"8":0,"9":0,"10":0,"11":0,"12":0,"13":0,"14":0,"15":0,"16":0,"17":0,"18":0},"f":{"0":0,"1":0,"2":0,"3":0,"4":0,"5":0,"6":0,"7":0,"8":0},"b":{"0":[0,0],"1":[0,0],"2":[0,0],"3":[0,0]},"_coverageSchema":"1a1c01bbd47fc00a2c39e90264f33305004495a9","hash":"dde8e05253b016505eaa8bff5b10b15239ca36f2"}
,"/Users/rrasmuss/projects/epicreact/react-performance/src/final/04.js": {"path":"/Users/rrasmuss/projects/epicreact/react-performance/src/final/04.js","statementMap":{"0":{"start":{"line":10,"column":28},"end":{"line":17,"column":2}},"1":{"start":{"line":10,"column":48},"end":{"line":17,"column":1}},"2":{"start":{"line":29,"column":2},"end":{"line":50,"column":3}},"3":{"start":{"line":33,"column":21},"end":{"line":33,"column":33}},"4":{"start":{"line":34,"column":8},"end":{"line":34,"column":30}},"5":{"start":{"line":34,"column":19},"end":{"line":34,"column":30}},"6":{"start":{"line":35,"column":8},"end":{"line":47,"column":9}},"7":{"start":{"line":62,"column":2},"end":{"line":75,"column":3}},"8":{"start":{"line":79,"column":24},"end":{"line":79,"column":42}},"9":{"start":{"line":80,"column":38},"end":{"line":80,"column":56}},"10":{"start":{"line":82,"column":29},"end":{"line":82,"column":68}},"11":{"start":{"line":83,"column":2},"end":{"line":85,"column":23}},"12":{"start":{"line":84,"column":4},"end":{"line":84,"column":29}},"13":{"start":{"line":87,"column":18},"end":{"line":87,"column":32}},"14":{"start":{"line":89,"column":25},"end":{"line":94,"column":4}},"15":{"start":{"line":92,"column":42},"end":{"line":92,"column":44}},"16":{"start":{"line":105,"column":6},"end":{"line":119,"column":4}},"17":{"start":{"line":108,"column":52},"end":{"line":108,"column":75}},"18":{"start":{"line":110,"column":6},"end":{"line":114,"column":7}},"19":{"start":{"line":115,"column":27},"end":{"line":115,"column":48}},"20":{"start":{"line":118,"column":6},"end":{"line":118,"column":79}},"21":{"start":{"line":121,"column":2},"end":{"line":144,"column":3}},"22":{"start":{"line":128,"column":33},"end":{"line":128,"column":49}}},"fnMap":{"0":{"name":"(anonymous_0)","decl":{"start":{"line":10,"column":28},"end":{"line":10,"column":29}},"loc":{"start":{"line":10,"column":48},"end":{"line":17,"column":1}},"line":10},"1":{"name":"Menu","decl":{"start":{"line":19,"column":9},"end":{"line":19,"column":13}},"loc":{"start":{"line":28,"column":3},"end":{"line":51,"column":1}},"line":28},"2":{"name":"(anonymous_2)","decl":{"start":{"line":32,"column":23},"end":{"line":32,"column":24}},"loc":{"start":{"line":32,"column":49},"end":{"line":48,"column":7}},"line":32},"3":{"name":"ListItem","decl":{"start":{"line":53,"column":9},"end":{"line":53,"column":17}},"loc":{"start":{"line":61,"column":3},"end":{"line":76,"column":1}},"line":61},"4":{"name":"App","decl":{"start":{"line":78,"column":9},"end":{"line":78,"column":12}},"loc":{"start":{"line":78,"column":15},"end":{"line":145,"column":1}},"line":78},"5":{"name":"(anonymous_5)","decl":{"start":{"line":83,"column":18},"end":{"line":83,"column":19}},"loc":{"start":{"line":83,"column":24},"end":{"line":85,"column":3}},"line":83},"6":{"name":"(anonymous_6)","decl":{"start":{"line":92,"column":36},"end":{"line":92,"column":37}},"loc":{"start":{"line":92,"column":42},"end":{"line":92,"column":44}},"line":92},"7":{"name":"(anonymous_7)","decl":{"start":{"line":108,"column":24},"end":{"line":108,"column":25}},"loc":{"start":{"line":108,"column":52},"end":{"line":108,"column":75}},"line":108},"8":{"name":"(anonymous_8)","decl":{"start":{"line":109,"column":26},"end":{"line":109,"column":27}},"loc":{"start":{"line":110,"column":6},"end":{"line":114,"column":7}},"line":110},"9":{"name":"(anonymous_9)","decl":{"start":{"line":115,"column":18},"end":{"line":115,"column":19}},"loc":{"start":{"line":115,"column":27},"end":{"line":115,"column":48}},"line":115},"10":{"name":"(anonymous_10)","decl":{"start":{"line":116,"column":20},"end":{"line":116,"column":21}},"loc":{"start":{"line":116,"column":26},"end":{"line":116,"column":28}},"line":116},"11":{"name":"(anonymous_11)","decl":{"start":{"line":117,"column":30},"end":{"line":117,"column":31}},"loc":{"start":{"line":118,"column":6},"end":{"line":118,"column":79}},"line":118},"12":{"name":"(anonymous_12)","decl":{"start":{"line":128,"column":27},"end":{"line":128,"column":28}},"loc":{"start":{"line":128,"column":33},"end":{"line":128,"column":49}},"line":128}},"branchMap":{"0":{"loc":{"start":{"line":34,"column":8},"end":{"line":34,"column":30}},"type":"if","locations":[{"start":{"line":34,"column":8},"end":{"line":34,"column":30}},{"start":{},"end":{}}],"line":34},"1":{"loc":{"start":{"line":68,"column":27},"end":{"line":68,"column":66}},"type":"cond-expr","locations":[{"start":{"line":68,"column":43},"end":{"line":68,"column":54}},{"start":{"line":68,"column":57},"end":{"line":68,"column":66}}],"line":68},"2":{"loc":{"start":{"line":69,"column":22},"end":{"line":69,"column":52}},"type":"cond-expr","locations":[{"start":{"line":69,"column":35},"end":{"line":69,"column":41}},{"start":{"line":69,"column":44},"end":{"line":69,"column":52}}],"line":69},"3":{"loc":{"start":{"line":111,"column":8},"end":{"line":113,"column":31}},"type":"cond-expr","locations":[{"start":{"line":112,"column":12},"end":{"line":112,"column":47}},{"start":{"line":113,"column":12},"end":{"line":113,"column":31}}],"line":111},"4":{"loc":{"start":{"line":115,"column":27},"end":{"line":115,"column":48}},"type":"cond-expr","locations":[{"start":{"line":115,"column":34},"end":{"line":115,"column":43}},{"start":{"line":115,"column":46},"end":{"line":115,"column":48}}],"line":115},"5":{"loc":{"start":{"line":118,"column":6},"end":{"line":118,"column":79}},"type":"binary-expr","locations":[{"start":{"line":118,"column":6},"end":{"line":118,"column":29}},{"start":{"line":118,"column":33},"end":{"line":118,"column":79}}],"line":118}},"s":{"0":1,"1":11,"2":4,"3":11,"4":11,"5":0,"6":11,"7":11,"8":5,"9":5,"10":5,"11":5,"12":1,"13":5,"14":5,"15":100,"16":5,"17":0,"18":0,"19":0,"20":0,"21":5,"22":0},"f":{"0":11,"1":4,"2":11,"3":11,"4":5,"5":1,"6":100,"7":0,"8":0,"9":0,"10":0,"11":0,"12":0},"b":{"0":[0,11],"1":[0,11],"2":[0,11],"3":[0,0],"4":[0,0],"5":[0,0]},"_coverageSchema":"1a1c01bbd47fc00a2c39e90264f33305004495a9","hash":"57b8a75e4269c3ffdac681da7f5984f2f3fe67b1"}
,"/Users/rrasmuss/projects/epicreact/react-performance/src/final/05.extra-1.js": {"path":"/Users/rrasmuss/projects/epicreact/react-performance/src/final/05.extra-1.js","statementMap":{"0":{"start":{"line":14,"column":24},"end":{"line":14,"column":45}},"1":{"start":{"line":15,"column":27},"end":{"line":15,"column":48}},"2":{"start":{"line":17,"column":20},"end":{"line":19,"column":1}},"3":{"start":{"line":18,"column":2},"end":{"line":18,"column":54}},"4":{"start":{"line":18,"column":34},"end":{"line":18,"column":53}},"5":{"start":{"line":22,"column":2},"end":{"line":35,"column":3}},"6":{"start":{"line":24,"column":6},"end":{"line":24,"column":48}},"7":{"start":{"line":27,"column":6},"end":{"line":27,"column":70}},"8":{"start":{"line":30,"column":6},"end":{"line":30,"column":58}},"9":{"start":{"line":33,"column":6},"end":{"line":33,"column":62}},"10":{"start":{"line":39,"column":28},"end":{"line":42,"column":4}},"11":{"start":{"line":43,"column":2},"end":{"line":49,"column":3}},"12":{"start":{"line":53,"column":18},"end":{"line":53,"column":51}},"13":{"start":{"line":54,"column":2},"end":{"line":56,"column":3}},"14":{"start":{"line":55,"column":4},"end":{"line":55,"column":70}},"15":{"start":{"line":57,"column":2},"end":{"line":57,"column":16}},"16":{"start":{"line":61,"column":18},"end":{"line":61,"column":54}},"17":{"start":{"line":62,"column":2},"end":{"line":64,"column":3}},"18":{"start":{"line":63,"column":4},"end":{"line":63,"column":73}},"19":{"start":{"line":65,"column":2},"end":{"line":65,"column":16}},"20":{"start":{"line":69,"column":19},"end":{"line":69,"column":35}},"21":{"start":{"line":70,"column":26},"end":{"line":70,"column":47}},"22":{"start":{"line":71,"column":32},"end":{"line":71,"column":53}},"23":{"start":{"line":72,"column":25},"end":{"line":72,"column":62}},"24":{"start":{"line":72,"column":31},"end":{"line":72,"column":62}},"25":{"start":{"line":73,"column":2},"end":{"line":82,"column":3}},"26":{"start":{"line":84,"column":0},"end":{"line":84,"column":23}},"27":{"start":{"line":87,"column":16},"end":{"line":87,"column":29}},"28":{"start":{"line":88,"column":15},"end":{"line":88,"column":38}},"29":{"start":{"line":89,"column":19},"end":{"line":89,"column":35}},"30":{"start":{"line":90,"column":22},"end":{"line":90,"column":77}},"31":{"start":{"line":90,"column":28},"end":{"line":90,"column":77}},"32":{"start":{"line":91,"column":2},"end":{"line":102,"column":3}},"33":{"start":{"line":104,"column":0},"end":{"line":104,"column":23}},"34":{"start":{"line":107,"column":16},"end":{"line":107,"column":29}},"35":{"start":{"line":108,"column":19},"end":{"line":108,"column":35}},"36":{"start":{"line":109,"column":20},"end":{"line":109,"column":25}},"37":{"start":{"line":112,"column":23},"end":{"line":112,"column":41}},"38":{"start":{"line":113,"column":4},"end":{"line":113,"column":63}},"39":{"start":{"line":116,"column":2},"end":{"line":131,"column":3}},"40":{"start":{"line":117,"column":25},"end":{"line":117,"column":43}},"41":{"start":{"line":134,"column":24},"end":{"line":134,"column":42}},"42":{"start":{"line":135,"column":2},"end":{"line":145,"column":3}}},"fnMap":{"0":{"name":"(anonymous_0)","decl":{"start":{"line":17,"column":46},"end":{"line":17,"column":47}},"loc":{"start":{"line":18,"column":2},"end":{"line":18,"column":54}},"line":18},"1":{"name":"(anonymous_1)","decl":{"start":{"line":18,"column":28},"end":{"line":18,"column":29}},"loc":{"start":{"line":18,"column":34},"end":{"line":18,"column":53}},"line":18},"2":{"name":"appReducer","decl":{"start":{"line":21,"column":9},"end":{"line":21,"column":19}},"loc":{"start":{"line":21,"column":35},"end":{"line":36,"column":1}},"line":21},"3":{"name":"AppProvider","decl":{"start":{"line":38,"column":9},"end":{"line":38,"column":20}},"loc":{"start":{"line":38,"column":33},"end":{"line":50,"column":1}},"line":38},"4":{"name":"useAppState","decl":{"start":{"line":52,"column":9},"end":{"line":52,"column":20}},"loc":{"start":{"line":52,"column":23},"end":{"line":58,"column":1}},"line":52},"5":{"name":"useAppDispatch","decl":{"start":{"line":60,"column":9},"end":{"line":60,"column":23}},"loc":{"start":{"line":60,"column":26},"end":{"line":66,"column":1}},"line":60},"6":{"name":"Grid","decl":{"start":{"line":68,"column":9},"end":{"line":68,"column":13}},"loc":{"start":{"line":68,"column":16},"end":{"line":83,"column":1}},"line":68},"7":{"name":"(anonymous_7)","decl":{"start":{"line":72,"column":25},"end":{"line":72,"column":26}},"loc":{"start":{"line":72,"column":31},"end":{"line":72,"column":62}},"line":72},"8":{"name":"Cell","decl":{"start":{"line":86,"column":9},"end":{"line":86,"column":13}},"loc":{"start":{"line":86,"column":29},"end":{"line":103,"column":1}},"line":86},"9":{"name":"(anonymous_9)","decl":{"start":{"line":90,"column":22},"end":{"line":90,"column":23}},"loc":{"start":{"line":90,"column":28},"end":{"line":90,"column":77}},"line":90},"10":{"name":"DogNameInput","decl":{"start":{"line":106,"column":9},"end":{"line":106,"column":21}},"loc":{"start":{"line":106,"column":24},"end":{"line":132,"column":1}},"line":106},"11":{"name":"handleChange","decl":{"start":{"line":111,"column":11},"end":{"line":111,"column":23}},"loc":{"start":{"line":111,"column":31},"end":{"line":114,"column":3}},"line":111},"12":{"name":"(anonymous_12)","decl":{"start":{"line":117,"column":20},"end":{"line":117,"column":21}},"loc":{"start":{"line":117,"column":25},"end":{"line":117,"column":43}},"line":117},"13":{"name":"App","decl":{"start":{"line":133,"column":9},"end":{"line":133,"column":12}},"loc":{"start":{"line":133,"column":15},"end":{"line":146,"column":1}},"line":133}},"branchMap":{"0":{"loc":{"start":{"line":22,"column":2},"end":{"line":35,"column":3}},"type":"switch","locations":[{"start":{"line":23,"column":4},"end":{"line":25,"column":5}},{"start":{"line":26,"column":4},"end":{"line":28,"column":5}},{"start":{"line":29,"column":4},"end":{"line":31,"column":5}},{"start":{"line":32,"column":4},"end":{"line":34,"column":5}}],"line":22},"1":{"loc":{"start":{"line":54,"column":2},"end":{"line":56,"column":3}},"type":"if","locations":[{"start":{"line":54,"column":2},"end":{"line":56,"column":3}},{"start":{},"end":{}}],"line":54},"2":{"loc":{"start":{"line":62,"column":2},"end":{"line":64,"column":3}},"type":"if","locations":[{"start":{"line":62,"column":2},"end":{"line":64,"column":3}},{"start":{},"end":{}}],"line":62},"3":{"loc":{"start":{"line":96,"column":15},"end":{"line":96,"column":44}},"type":"cond-expr","locations":[{"start":{"line":96,"column":27},"end":{"line":96,"column":34}},{"start":{"line":96,"column":37},"end":{"line":96,"column":44}}],"line":96},"4":{"loc":{"start":{"line":125,"column":7},"end":{"line":129,"column":14}},"type":"cond-expr","locations":[{"start":{"line":126,"column":8},"end":{"line":128,"column":14}},{"start":{"line":129,"column":10},"end":{"line":129,"column":14}}],"line":125}},"s":{"0":0,"1":0,"2":0,"3":0,"4":0,"5":0,"6":0,"7":0,"8":0,"9":0,"10":0,"11":0,"12":0,"13":0,"14":0,"15":0,"16":0,"17":0,"18":0,"19":0,"20":0,"21":0,"22":0,"23":0,"24":0,"25":0,"26":0,"27":0,"28":0,"29":0,"30":0,"31":0,"32":0,"33":0,"34":0,"35":0,"36":0,"37":0,"38":0,"39":0,"40":0,"41":0,"42":0},"f":{"0":0,"1":0,"2":0,"3":0,"4":0,"5":0,"6":0,"7":0,"8":0,"9":0,"10":0,"11":0,"12":0,"13":0},"b":{"0":[0,0,0,0],"1":[0,0],"2":[0,0],"3":[0,0],"4":[0,0]}}
,"/Users/rrasmuss/projects/epicreact/react-performance/src/final/05.js": {"path":"/Users/rrasmuss/projects/epicreact/react-performance/src/final/05.js","statementMap":{"0":{"start":{"line":13,"column":24},"end":{"line":13,"column":45}},"1":{"start":{"line":15,"column":20},"end":{"line":17,"column":1}},"2":{"start":{"line":16,"column":2},"end":{"line":16,"column":54}},"3":{"start":{"line":16,"column":34},"end":{"line":16,"column":53}},"4":{"start":{"line":20,"column":2},"end":{"line":33,"column":3}},"5":{"start":{"line":22,"column":6},"end":{"line":22,"column":48}},"6":{"start":{"line":25,"column":6},"end":{"line":25,"column":70}},"7":{"start":{"line":28,"column":6},"end":{"line":28,"column":58}},"8":{"start":{"line":31,"column":6},"end":{"line":31,"column":62}},"9":{"start":{"line":37,"column":28},"end":{"line":40,"column":4}},"10":{"start":{"line":41,"column":16},"end":{"line":41,"column":63}},"11":{"start":{"line":41,"column":36},"end":{"line":41,"column":53}},"12":{"start":{"line":42,"column":2},"end":{"line":46,"column":3}},"13":{"start":{"line":50,"column":18},"end":{"line":50,"column":51}},"14":{"start":{"line":51,"column":2},"end":{"line":53,"column":3}},"15":{"start":{"line":52,"column":4},"end":{"line":52,"column":70}},"16":{"start":{"line":54,"column":2},"end":{"line":54,"column":16}},"17":{"start":{"line":58,"column":23},"end":{"line":58,"column":36}},"18":{"start":{"line":59,"column":26},"end":{"line":59,"column":47}},"19":{"start":{"line":60,"column":32},"end":{"line":60,"column":53}},"20":{"start":{"line":61,"column":25},"end":{"line":61,"column":62}},"21":{"start":{"line":61,"column":31},"end":{"line":61,"column":62}},"22":{"start":{"line":62,"column":2},"end":{"line":71,"column":3}},"23":{"start":{"line":73,"column":0},"end":{"line":73,"column":23}},"24":{"start":{"line":76,"column":28},"end":{"line":76,"column":41}},"25":{"start":{"line":77,"column":15},"end":{"line":77,"column":38}},"26":{"start":{"line":78,"column":22},"end":{"line":78,"column":77}},"27":{"start":{"line":78,"column":28},"end":{"line":78,"column":77}},"28":{"start":{"line":79,"column":2},"end":{"line":90,"column":3}},"29":{"start":{"line":92,"column":0},"end":{"line":92,"column":23}},"30":{"start":{"line":95,"column":28},"end":{"line":95,"column":41}},"31":{"start":{"line":96,"column":20},"end":{"line":96,"column":25}},"32":{"start":{"line":99,"column":23},"end":{"line":99,"column":41}},"33":{"start":{"line":100,"column":4},"end":{"line":100,"column":63}},"34":{"start":{"line":103,"column":2},"end":{"line":118,"column":3}},"35":{"start":{"line":104,"column":25},"end":{"line":104,"column":43}},"36":{"start":{"line":122,"column":24},"end":{"line":122,"column":42}},"37":{"start":{"line":123,"column":2},"end":{"line":133,"column":3}}},"fnMap":{"0":{"name":"(anonymous_0)","decl":{"start":{"line":15,"column":46},"end":{"line":15,"column":47}},"loc":{"start":{"line":16,"column":2},"end":{"line":16,"column":54}},"line":16},"1":{"name":"(anonymous_1)","decl":{"start":{"line":16,"column":28},"end":{"line":16,"column":29}},"loc":{"start":{"line":16,"column":34},"end":{"line":16,"column":53}},"line":16},"2":{"name":"appReducer","decl":{"start":{"line":19,"column":9},"end":{"line":19,"column":19}},"loc":{"start":{"line":19,"column":35},"end":{"line":34,"column":1}},"line":19},"3":{"name":"AppProvider","decl":{"start":{"line":36,"column":9},"end":{"line":36,"column":20}},"loc":{"start":{"line":36,"column":33},"end":{"line":47,"column":1}},"line":36},"4":{"name":"(anonymous_4)","decl":{"start":{"line":41,"column":30},"end":{"line":41,"column":31}},"loc":{"start":{"line":41,"column":36},"end":{"line":41,"column":53}},"line":41},"5":{"name":"useAppState","decl":{"start":{"line":49,"column":9},"end":{"line":49,"column":20}},"loc":{"start":{"line":49,"column":23},"end":{"line":55,"column":1}},"line":49},"6":{"name":"Grid","decl":{"start":{"line":57,"column":9},"end":{"line":57,"column":13}},"loc":{"start":{"line":57,"column":16},"end":{"line":72,"column":1}},"line":57},"7":{"name":"(anonymous_7)","decl":{"start":{"line":61,"column":25},"end":{"line":61,"column":26}},"loc":{"start":{"line":61,"column":31},"end":{"line":61,"column":62}},"line":61},"8":{"name":"Cell","decl":{"start":{"line":75,"column":9},"end":{"line":75,"column":13}},"loc":{"start":{"line":75,"column":29},"end":{"line":91,"column":1}},"line":75},"9":{"name":"(anonymous_9)","decl":{"start":{"line":78,"column":22},"end":{"line":78,"column":23}},"loc":{"start":{"line":78,"column":28},"end":{"line":78,"column":77}},"line":78},"10":{"name":"DogNameInput","decl":{"start":{"line":94,"column":9},"end":{"line":94,"column":21}},"loc":{"start":{"line":94,"column":24},"end":{"line":119,"column":1}},"line":94},"11":{"name":"handleChange","decl":{"start":{"line":98,"column":11},"end":{"line":98,"column":23}},"loc":{"start":{"line":98,"column":31},"end":{"line":101,"column":3}},"line":98},"12":{"name":"(anonymous_12)","decl":{"start":{"line":104,"column":20},"end":{"line":104,"column":21}},"loc":{"start":{"line":104,"column":25},"end":{"line":104,"column":43}},"line":104},"13":{"name":"App","decl":{"start":{"line":121,"column":9},"end":{"line":121,"column":12}},"loc":{"start":{"line":121,"column":15},"end":{"line":134,"column":1}},"line":121}},"branchMap":{"0":{"loc":{"start":{"line":20,"column":2},"end":{"line":33,"column":3}},"type":"switch","locations":[{"start":{"line":21,"column":4},"end":{"line":23,"column":5}},{"start":{"line":24,"column":4},"end":{"line":26,"column":5}},{"start":{"line":27,"column":4},"end":{"line":29,"column":5}},{"start":{"line":30,"column":4},"end":{"line":32,"column":5}}],"line":20},"1":{"loc":{"start":{"line":51,"column":2},"end":{"line":53,"column":3}},"type":"if","locations":[{"start":{"line":51,"column":2},"end":{"line":53,"column":3}},{"start":{},"end":{}}],"line":51},"2":{"loc":{"start":{"line":84,"column":15},"end":{"line":84,"column":44}},"type":"cond-expr","locations":[{"start":{"line":84,"column":27},"end":{"line":84,"column":34}},{"start":{"line":84,"column":37},"end":{"line":84,"column":44}}],"line":84},"3":{"loc":{"start":{"line":112,"column":7},"end":{"line":116,"column":14}},"type":"cond-expr","locations":[{"start":{"line":113,"column":8},"end":{"line":115,"column":14}},{"start":{"line":116,"column":10},"end":{"line":116,"column":14}}],"line":112}},"s":{"0":1,"1":1,"2":100,"3":10000,"4":6,"5":5,"6":1,"7":0,"8":0,"9":7,"10":7,"11":7,"12":7,"13":17514,"14":17514,"15":0,"16":17514,"17":7,"18":7,"19":7,"20":7,"21":0,"22":7,"23":1,"24":17500,"25":17500,"26":17500,"27":1,"28":17500,"29":1,"30":7,"31":7,"32":5,"33":5,"34":7,"35":0,"36":1,"37":1},"f":{"0":100,"1":10000,"2":6,"3":7,"4":7,"5":17514,"6":7,"7":0,"8":17500,"9":1,"10":7,"11":5,"12":0,"13":1},"b":{"0":[5,1,0,0],"1":[0,17514],"2":[8855,8645],"3":[6,1]},"_coverageSchema":"1a1c01bbd47fc00a2c39e90264f33305004495a9","hash":"aa78dc7cc6c35a9ca50583da3376d3f680964e12"}
,"/Users/rrasmuss/projects/epicreact/react-performance/src/final/06.extra-1.js": {"path":"/Users/rrasmuss/projects/epicreact/react-performance/src/final/06.extra-1.js","statementMap":{"0":{"start":{"line":14,"column":24},"end":{"line":14,"column":45}},"1":{"start":{"line":15,"column":27},"end":{"line":15,"column":48}},"2":{"start":{"line":16,"column":19},"end":{"line":16,"column":40}},"3":{"start":{"line":18,"column":20},"end":{"line":20,"column":1}},"4":{"start":{"line":19,"column":2},"end":{"line":19,"column":54}},"5":{"start":{"line":19,"column":34},"end":{"line":19,"column":53}},"6":{"start":{"line":23,"column":2},"end":{"line":33,"column":3}},"7":{"start":{"line":25,"column":6},"end":{"line":25,"column":70}},"8":{"start":{"line":28,"column":6},"end":{"line":28,"column":58}},"9":{"start":{"line":31,"column":6},"end":{"line":31,"column":62}},"10":{"start":{"line":37,"column":28},"end":{"line":39,"column":4}},"11":{"start":{"line":40,"column":2},"end":{"line":46,"column":3}},"12":{"start":{"line":50,"column":18},"end":{"line":50,"column":51}},"13":{"start":{"line":51,"column":2},"end":{"line":53,"column":3}},"14":{"start":{"line":52,"column":4},"end":{"line":52,"column":70}},"15":{"start":{"line":54,"column":2},"end":{"line":54,"column":16}},"16":{"start":{"line":58,"column":18},"end":{"line":58,"column":54}},"17":{"start":{"line":59,"column":2},"end":{"line":61,"column":3}},"18":{"start":{"line":60,"column":4},"end":{"line":60,"column":73}},"19":{"start":{"line":62,"column":2},"end":{"line":62,"column":16}},"20":{"start":{"line":66,"column":2},"end":{"line":73,"column":3}},"21":{"start":{"line":68,"column":6},"end":{"line":68,"column":48}},"22":{"start":{"line":71,"column":6},"end":{"line":71,"column":62}},"23":{"start":{"line":77,"column":28},"end":{"line":77,"column":71}},"24":{"start":{"line":78,"column":16},"end":{"line":78,"column":33}},"25":{"start":{"line":79,"column":2},"end":{"line":79,"column":57}},"26":{"start":{"line":83,"column":18},"end":{"line":83,"column":46}},"27":{"start":{"line":84,"column":2},"end":{"line":86,"column":3}},"28":{"start":{"line":85,"column":4},"end":{"line":85,"column":75}},"29":{"start":{"line":87,"column":2},"end":{"line":87,"column":16}},"30":{"start":{"line":91,"column":19},"end":{"line":91,"column":35}},"31":{"start":{"line":92,"column":26},"end":{"line":92,"column":47}},"32":{"start":{"line":93,"column":32},"end":{"line":93,"column":53}},"33":{"start":{"line":94,"column":25},"end":{"line":94,"column":62}},"34":{"start":{"line":94,"column":31},"end":{"line":94,"column":62}},"35":{"start":{"line":95,"column":2},"end":{"line":104,"column":3}},"36":{"start":{"line":106,"column":0},"end":{"line":106,"column":23}},"37":{"start":{"line":109,"column":16},"end":{"line":109,"column":29}},"38":{"start":{"line":110,"column":15},"end":{"line":110,"column":38}},"39":{"start":{"line":111,"column":19},"end":{"line":111,"column":35}},"40":{"start":{"line":112,"column":22},"end":{"line":112,"column":77}},"41":{"start":{"line":112,"column":28},"end":{"line":112,"column":77}},"42":{"start":{"line":113,"column":2},"end":{"line":124,"column":3}},"43":{"start":{"line":126,"column":0},"end":{"line":126,"column":23}},"44":{"start":{"line":129,"column":28},"end":{"line":129,"column":41}},"45":{"start":{"line":130,"column":20},"end":{"line":130,"column":25}},"46":{"start":{"line":133,"column":23},"end":{"line":133,"column":41}},"47":{"start":{"line":134,"column":4},"end":{"line":134,"column":63}},"48":{"start":{"line":137,"column":2},"end":{"line":152,"column":3}},"49":{"start":{"line":138,"column":25},"end":{"line":138,"column":43}},"50":{"start":{"line":155,"column":24},"end":{"line":155,"column":42}},"51":{"start":{"line":156,"column":2},"end":{"line":168,"column":3}}},"fnMap":{"0":{"name":"(anonymous_0)","decl":{"start":{"line":18,"column":46},"end":{"line":18,"column":47}},"loc":{"start":{"line":19,"column":2},"end":{"line":19,"column":54}},"line":19},"1":{"name":"(anonymous_1)","decl":{"start":{"line":19,"column":28},"end":{"line":19,"column":29}},"loc":{"start":{"line":19,"column":34},"end":{"line":19,"column":53}},"line":19},"2":{"name":"appReducer","decl":{"start":{"line":22,"column":9},"end":{"line":22,"column":19}},"loc":{"start":{"line":22,"column":35},"end":{"line":34,"column":1}},"line":22},"3":{"name":"AppProvider","decl":{"start":{"line":36,"column":9},"end":{"line":36,"column":20}},"loc":{"start":{"line":36,"column":33},"end":{"line":47,"column":1}},"line":36},"4":{"name":"useAppState","decl":{"start":{"line":49,"column":9},"end":{"line":49,"column":20}},"loc":{"start":{"line":49,"column":23},"end":{"line":55,"column":1}},"line":49},"5":{"name":"useAppDispatch","decl":{"start":{"line":57,"column":9},"end":{"line":57,"column":23}},"loc":{"start":{"line":57,"column":26},"end":{"line":63,"column":1}},"line":57},"6":{"name":"dogReducer","decl":{"start":{"line":65,"column":9},"end":{"line":65,"column":19}},"loc":{"start":{"line":65,"column":35},"end":{"line":74,"column":1}},"line":65},"7":{"name":"DogProvider","decl":{"start":{"line":76,"column":9},"end":{"line":76,"column":20}},"loc":{"start":{"line":76,"column":28},"end":{"line":80,"column":1}},"line":76},"8":{"name":"useDogState","decl":{"start":{"line":82,"column":9},"end":{"line":82,"column":20}},"loc":{"start":{"line":82,"column":23},"end":{"line":88,"column":1}},"line":82},"9":{"name":"Grid","decl":{"start":{"line":90,"column":9},"end":{"line":90,"column":13}},"loc":{"start":{"line":90,"column":16},"end":{"line":105,"column":1}},"line":90},"10":{"name":"(anonymous_10)","decl":{"start":{"line":94,"column":25},"end":{"line":94,"column":26}},"loc":{"start":{"line":94,"column":31},"end":{"line":94,"column":62}},"line":94},"11":{"name":"Cell","decl":{"start":{"line":108,"column":9},"end":{"line":108,"column":13}},"loc":{"start":{"line":108,"column":29},"end":{"line":125,"column":1}},"line":108},"12":{"name":"(anonymous_12)","decl":{"start":{"line":112,"column":22},"end":{"line":112,"column":23}},"loc":{"start":{"line":112,"column":28},"end":{"line":112,"column":77}},"line":112},"13":{"name":"DogNameInput","decl":{"start":{"line":128,"column":9},"end":{"line":128,"column":21}},"loc":{"start":{"line":128,"column":24},"end":{"line":153,"column":1}},"line":128},"14":{"name":"handleChange","decl":{"start":{"line":132,"column":11},"end":{"line":132,"column":23}},"loc":{"start":{"line":132,"column":31},"end":{"line":135,"column":3}},"line":132},"15":{"name":"(anonymous_15)","decl":{"start":{"line":138,"column":20},"end":{"line":138,"column":21}},"loc":{"start":{"line":138,"column":25},"end":{"line":138,"column":43}},"line":138},"16":{"name":"App","decl":{"start":{"line":154,"column":9},"end":{"line":154,"column":12}},"loc":{"start":{"line":154,"column":15},"end":{"line":169,"column":1}},"line":154}},"branchMap":{"0":{"loc":{"start":{"line":23,"column":2},"end":{"line":33,"column":3}},"type":"switch","locations":[{"start":{"line":24,"column":4},"end":{"line":26,"column":5}},{"start":{"line":27,"column":4},"end":{"line":29,"column":5}},{"start":{"line":30,"column":4},"end":{"line":32,"column":5}}],"line":23},"1":{"loc":{"start":{"line":51,"column":2},"end":{"line":53,"column":3}},"type":"if","locations":[{"start":{"line":51,"column":2},"end":{"line":53,"column":3}},{"start":{},"end":{}}],"line":51},"2":{"loc":{"start":{"line":59,"column":2},"end":{"line":61,"column":3}},"type":"if","locations":[{"start":{"line":59,"column":2},"end":{"line":61,"column":3}},{"start":{},"end":{}}],"line":59},"3":{"loc":{"start":{"line":66,"column":2},"end":{"line":73,"column":3}},"type":"switch","locations":[{"start":{"line":67,"column":4},"end":{"line":69,"column":5}},{"start":{"line":70,"column":4},"end":{"line":72,"column":5}}],"line":66},"4":{"loc":{"start":{"line":84,"column":2},"end":{"line":86,"column":3}},"type":"if","locations":[{"start":{"line":84,"column":2},"end":{"line":86,"column":3}},{"start":{},"end":{}}],"line":84},"5":{"loc":{"start":{"line":118,"column":15},"end":{"line":118,"column":44}},"type":"cond-expr","locations":[{"start":{"line":118,"column":27},"end":{"line":118,"column":34}},{"start":{"line":118,"column":37},"end":{"line":118,"column":44}}],"line":118},"6":{"loc":{"start":{"line":146,"column":7},"end":{"line":150,"column":14}},"type":"cond-expr","locations":[{"start":{"line":147,"column":8},"end":{"line":149,"column":14}},{"start":{"line":150,"column":10},"end":{"line":150,"column":14}}],"line":146}},"s":{"0":0,"1":0,"2":0,"3":0,"4":0,"5":0,"6":0,"7":0,"8":0,"9":0,"10":0,"11":0,"12":0,"13":0,"14":0,"15":0,"16":0,"17":0,"18":0,"19":0,"20":0,"21":0,"22":0,"23":0,"24":0,"25":0,"26":0,"27":0,"28":0,"29":0,"30":0,"31":0,"32":0,"33":0,"34":0,"35":0,"36":0,"37":0,"38":0,"39":0,"40":0,"41":0,"42":0,"43":0,"44":0,"45":0,"46":0,"47":0,"48":0,"49":0,"50":0,"51":0},"f":{"0":0,"1":0,"2":0,"3":0,"4":0,"5":0,"6":0,"7":0,"8":0,"9":0,"10":0,"11":0,"12":0,"13":0,"14":0,"15":0,"16":0},"b":{"0":[0,0,0],"1":[0,0],"2":[0,0],"3":[0,0],"4":[0,0],"5":[0,0],"6":[0,0]}}
,"/Users/rrasmuss/projects/epicreact/react-performance/src/final/06.extra-2.js": {"path":"/Users/rrasmuss/projects/epicreact/react-performance/src/final/06.extra-2.js","statementMap":{"0":{"start":{"line":14,"column":24},"end":{"line":14,"column":45}},"1":{"start":{"line":15,"column":27},"end":{"line":15,"column":48}},"2":{"start":{"line":16,"column":19},"end":{"line":16,"column":40}},"3":{"start":{"line":18,"column":20},"end":{"line":20,"column":1}},"4":{"start":{"line":19,"column":2},"end":{"line":19,"column":54}},"5":{"start":{"line":19,"column":34},"end":{"line":19,"column":53}},"6":{"start":{"line":23,"column":2},"end":{"line":33,"column":3}},"7":{"start":{"line":25,"column":6},"end":{"line":25,"column":70}},"8":{"start":{"line":28,"column":6},"end":{"line":28,"column":58}},"9":{"start":{"line":31,"column":6},"end":{"line":31,"column":62}},"10":{"start":{"line":37,"column":28},"end":{"line":39,"column":4}},"11":{"start":{"line":40,"column":2},"end":{"line":46,"column":3}},"12":{"start":{"line":50,"column":18},"end":{"line":50,"column":51}},"13":{"start":{"line":51,"column":2},"end":{"line":53,"column":3}},"14":{"start":{"line":52,"column":4},"end":{"line":52,"column":70}},"15":{"start":{"line":54,"column":2},"end":{"line":54,"column":16}},"16":{"start":{"line":58,"column":18},"end":{"line":58,"column":54}},"17":{"start":{"line":59,"column":2},"end":{"line":61,"column":3}},"18":{"start":{"line":60,"column":4},"end":{"line":60,"column":73}},"19":{"start":{"line":62,"column":2},"end":{"line":62,"column":16}},"20":{"start":{"line":66,"column":2},"end":{"line":73,"column":3}},"21":{"start":{"line":68,"column":6},"end":{"line":68,"column":48}},"22":{"start":{"line":71,"column":6},"end":{"line":71,"column":62}},"23":{"start":{"line":77,"column":28},"end":{"line":77,"column":71}},"24":{"start":{"line":78,"column":16},"end":{"line":78,"column":33}},"25":{"start":{"line":79,"column":2},"end":{"line":79,"column":57}},"26":{"start":{"line":83,"column":18},"end":{"line":83,"column":46}},"27":{"start":{"line":84,"column":2},"end":{"line":86,"column":3}},"28":{"start":{"line":85,"column":4},"end":{"line":85,"column":75}},"29":{"start":{"line":87,"column":2},"end":{"line":87,"column":16}},"30":{"start":{"line":91,"column":19},"end":{"line":91,"column":35}},"31":{"start":{"line":92,"column":26},"end":{"line":92,"column":47}},"32":{"start":{"line":93,"column":32},"end":{"line":93,"column":53}},"33":{"start":{"line":94,"column":25},"end":{"line":94,"column":62}},"34":{"start":{"line":94,"column":31},"end":{"line":94,"column":62}},"35":{"start":{"line":95,"column":2},"end":{"line":104,"column":3}},"36":{"start":{"line":106,"column":0},"end":{"line":106,"column":23}},"37":{"start":{"line":109,"column":16},"end":{"line":109,"column":29}},"38":{"start":{"line":110,"column":15},"end":{"line":110,"column":38}},"39":{"start":{"line":111,"column":2},"end":{"line":111,"column":59}},"40":{"start":{"line":113,"column":0},"end":{"line":113,"column":23}},"41":{"start":{"line":116,"column":19},"end":{"line":116,"column":35}},"42":{"start":{"line":117,"column":22},"end":{"line":117,"column":77}},"43":{"start":{"line":117,"column":28},"end":{"line":117,"column":77}},"44":{"start":{"line":118,"column":2},"end":{"line":129,"column":3}},"45":{"start":{"line":131,"column":0},"end":{"line":131,"column":31}},"46":{"start":{"line":134,"column":28},"end":{"line":134,"column":41}},"47":{"start":{"line":135,"column":20},"end":{"line":135,"column":25}},"48":{"start":{"line":138,"column":23},"end":{"line":138,"column":41}},"49":{"start":{"line":139,"column":4},"end":{"line":139,"column":63}},"50":{"start":{"line":142,"column":2},"end":{"line":157,"column":3}},"51":{"start":{"line":143,"column":25},"end":{"line":143,"column":43}},"52":{"start":{"line":160,"column":24},"end":{"line":160,"column":42}},"53":{"start":{"line":161,"column":2},"end":{"line":173,"column":3}}},"fnMap":{"0":{"name":"(anonymous_0)","decl":{"start":{"line":18,"column":46},"end":{"line":18,"column":47}},"loc":{"start":{"line":19,"column":2},"end":{"line":19,"column":54}},"line":19},"1":{"name":"(anonymous_1)","decl":{"start":{"line":19,"column":28},"end":{"line":19,"column":29}},"loc":{"start":{"line":19,"column":34},"end":{"line":19,"column":53}},"line":19},"2":{"name":"appReducer","decl":{"start":{"line":22,"column":9},"end":{"line":22,"column":19}},"loc":{"start":{"line":22,"column":35},"end":{"line":34,"column":1}},"line":22},"3":{"name":"AppProvider","decl":{"start":{"line":36,"column":9},"end":{"line":36,"column":20}},"loc":{"start":{"line":36,"column":33},"end":{"line":47,"column":1}},"line":36},"4":{"name":"useAppState","decl":{"start":{"line":49,"column":9},"end":{"line":49,"column":20}},"loc":{"start":{"line":49,"column":23},"end":{"line":55,"column":1}},"line":49},"5":{"name":"useAppDispatch","decl":{"start":{"line":57,"column":9},"end":{"line":57,"column":23}},"loc":{"start":{"line":57,"column":26},"end":{"line":63,"column":1}},"line":57},"6":{"name":"dogReducer","decl":{"start":{"line":65,"column":9},"end":{"line":65,"column":19}},"loc":{"start":{"line":65,"column":35},"end":{"line":74,"column":1}},"line":65},"7":{"name":"DogProvider","decl":{"start":{"line":76,"column":9},"end":{"line":76,"column":20}},"loc":{"start":{"line":76,"column":28},"end":{"line":80,"column":1}},"line":76},"8":{"name":"useDogState","decl":{"start":{"line":82,"column":9},"end":{"line":82,"column":20}},"loc":{"start":{"line":82,"column":23},"end":{"line":88,"column":1}},"line":82},"9":{"name":"Grid","decl":{"start":{"line":90,"column":9},"end":{"line":90,"column":13}},"loc":{"start":{"line":90,"column":16},"end":{"line":105,"column":1}},"line":90},"10":{"name":"(anonymous_10)","decl":{"start":{"line":94,"column":25},"end":{"line":94,"column":26}},"loc":{"start":{"line":94,"column":31},"end":{"line":94,"column":62}},"line":94},"11":{"name":"Cell","decl":{"start":{"line":108,"column":9},"end":{"line":108,"column":13}},"loc":{"start":{"line":108,"column":29},"end":{"line":112,"column":1}},"line":108},"12":{"name":"CellImpl","decl":{"start":{"line":115,"column":9},"end":{"line":115,"column":17}},"loc":{"start":{"line":115,"column":39},"end":{"line":130,"column":1}},"line":115},"13":{"name":"(anonymous_13)","decl":{"start":{"line":117,"column":22},"end":{"line":117,"column":23}},"loc":{"start":{"line":117,"column":28},"end":{"line":117,"column":77}},"line":117},"14":{"name":"DogNameInput","decl":{"start":{"line":133,"column":9},"end":{"line":133,"column":21}},"loc":{"start":{"line":133,"column":24},"end":{"line":158,"column":1}},"line":133},"15":{"name":"handleChange","decl":{"start":{"line":137,"column":11},"end":{"line":137,"column":23}},"loc":{"start":{"line":137,"column":31},"end":{"line":140,"column":3}},"line":137},"16":{"name":"(anonymous_16)","decl":{"start":{"line":143,"column":20},"end":{"line":143,"column":21}},"loc":{"start":{"line":143,"column":25},"end":{"line":143,"column":43}},"line":143},"17":{"name":"App","decl":{"start":{"line":159,"column":9},"end":{"line":159,"column":12}},"loc":{"start":{"line":159,"column":15},"end":{"line":174,"column":1}},"line":159}},"branchMap":{"0":{"loc":{"start":{"line":23,"column":2},"end":{"line":33,"column":3}},"type":"switch","locations":[{"start":{"line":24,"column":4},"end":{"line":26,"column":5}},{"start":{"line":27,"column":4},"end":{"line":29,"column":5}},{"start":{"line":30,"column":4},"end":{"line":32,"column":5}}],"line":23},"1":{"loc":{"start":{"line":51,"column":2},"end":{"line":53,"column":3}},"type":"if","locations":[{"start":{"line":51,"column":2},"end":{"line":53,"column":3}},{"start":{},"end":{}}],"line":51},"2":{"loc":{"start":{"line":59,"column":2},"end":{"line":61,"column":3}},"type":"if","locations":[{"start":{"line":59,"column":2},"end":{"line":61,"column":3}},{"start":{},"end":{}}],"line":59},"3":{"loc":{"start":{"line":66,"column":2},"end":{"line":73,"column":3}},"type":"switch","locations":[{"start":{"line":67,"column":4},"end":{"line":69,"column":5}},{"start":{"line":70,"column":4},"end":{"line":72,"column":5}}],"line":66},"4":{"loc":{"start":{"line":84,"column":2},"end":{"line":86,"column":3}},"type":"if","locations":[{"start":{"line":84,"column":2},"end":{"line":86,"column":3}},{"start":{},"end":{}}],"line":84},"5":{"loc":{"start":{"line":123,"column":15},"end":{"line":123,"column":44}},"type":"cond-expr","locations":[{"start":{"line":123,"column":27},"end":{"line":123,"column":34}},{"start":{"line":123,"column":37},"end":{"line":123,"column":44}}],"line":123},"6":{"loc":{"start":{"line":151,"column":7},"end":{"line":155,"column":14}},"type":"cond-expr","locations":[{"start":{"line":152,"column":8},"end":{"line":154,"column":14}},{"start":{"line":155,"column":10},"end":{"line":155,"column":14}}],"line":151}},"s":{"0":0,"1":0,"2":0,"3":0,"4":0,"5":0,"6":0,"7":0,"8":0,"9":0,"10":0,"11":0,"12":0,"13":0,"14":0,"15":0,"16":0,"17":0,"18":0,"19":0,"20":0,"21":0,"22":0,"23":0,"24":0,"25":0,"26":0,"27":0,"28":0,"29":0,"30":0,"31":0,"32":0,"33":0,"34":0,"35":0,"36":0,"37":0,"38":0,"39":0,"40":0,"41":0,"42":0,"43":0,"44":0,"45":0,"46":0,"47":0,"48":0,"49":0,"50":0,"51":0,"52":0,"53":0},"f":{"0":0,"1":0,"2":0,"3":0,"4":0,"5":0,"6":0,"7":0,"8":0,"9":0,"10":0,"11":0,"12":0,"13":0,"14":0,"15":0,"16":0,"17":0},"b":{"0":[0,0,0],"1":[0,0],"2":[0,0],"3":[0,0],"4":[0,0],"5":[0,0],"6":[0,0]}}
,"/Users/rrasmuss/projects/epicreact/react-performance/src/final/06.extra-3.js": {"path":"/Users/rrasmuss/projects/epicreact/react-performance/src/final/06.extra-3.js","statementMap":{"0":{"start":{"line":14,"column":24},"end":{"line":14,"column":45}},"1":{"start":{"line":15,"column":27},"end":{"line":15,"column":48}},"2":{"start":{"line":16,"column":19},"end":{"line":16,"column":40}},"3":{"start":{"line":18,"column":20},"end":{"line":20,"column":1}},"4":{"start":{"line":19,"column":2},"end":{"line":19,"column":54}},"5":{"start":{"line":19,"column":34},"end":{"line":19,"column":53}},"6":{"start":{"line":23,"column":2},"end":{"line":33,"column":3}},"7":{"start":{"line":25,"column":6},"end":{"line":25,"column":70}},"8":{"start":{"line":28,"column":6},"end":{"line":28,"column":58}},"9":{"start":{"line":31,"column":6},"end":{"line":31,"column":62}},"10":{"start":{"line":37,"column":28},"end":{"line":39,"column":4}},"11":{"start":{"line":40,"column":2},"end":{"line":46,"column":3}},"12":{"start":{"line":50,"column":18},"end":{"line":50,"column":51}},"13":{"start":{"line":51,"column":2},"end":{"line":53,"column":3}},"14":{"start":{"line":52,"column":4},"end":{"line":52,"column":70}},"15":{"start":{"line":54,"column":2},"end":{"line":54,"column":16}},"16":{"start":{"line":58,"column":18},"end":{"line":58,"column":54}},"17":{"start":{"line":59,"column":2},"end":{"line":61,"column":3}},"18":{"start":{"line":60,"column":4},"end":{"line":60,"column":73}},"19":{"start":{"line":62,"column":2},"end":{"line":62,"column":16}},"20":{"start":{"line":66,"column":2},"end":{"line":73,"column":3}},"21":{"start":{"line":68,"column":6},"end":{"line":68,"column":48}},"22":{"start":{"line":71,"column":6},"end":{"line":71,"column":62}},"23":{"start":{"line":77,"column":28},"end":{"line":77,"column":71}},"24":{"start":{"line":78,"column":16},"end":{"line":78,"column":33}},"25":{"start":{"line":79,"column":2},"end":{"line":79,"column":57}},"26":{"start":{"line":83,"column":18},"end":{"line":83,"column":46}},"27":{"start":{"line":84,"column":2},"end":{"line":86,"column":3}},"28":{"start":{"line":85,"column":4},"end":{"line":85,"column":75}},"29":{"start":{"line":87,"column":2},"end":{"line":87,"column":16}},"30":{"start":{"line":91,"column":19},"end":{"line":91,"column":35}},"31":{"start":{"line":92,"column":26},"end":{"line":92,"column":47}},"32":{"start":{"line":93,"column":32},"end":{"line":93,"column":53}},"33":{"start":{"line":94,"column":25},"end":{"line":94,"column":62}},"34":{"start":{"line":94,"column":31},"end":{"line":94,"column":62}},"35":{"start":{"line":95,"column":2},"end":{"line":104,"column":3}},"36":{"start":{"line":106,"column":0},"end":{"line":106,"column":23}},"37":{"start":{"line":109,"column":19},"end":{"line":109,"column":35}},"38":{"start":{"line":111,"column":18},"end":{"line":111,"column":31}},"39":{"start":{"line":112,"column":4},"end":{"line":112,"column":72}},"40":{"start":{"line":114,"column":2},"end":{"line":114,"column":74}},"41":{"start":{"line":115,"column":2},"end":{"line":115,"column":46}},"42":{"start":{"line":119,"column":19},"end":{"line":119,"column":35}},"43":{"start":{"line":120,"column":22},"end":{"line":120,"column":77}},"44":{"start":{"line":120,"column":28},"end":{"line":120,"column":77}},"45":{"start":{"line":121,"column":2},"end":{"line":132,"column":3}},"46":{"start":{"line":134,"column":0},"end":{"line":134,"column":78}},"47":{"start":{"line":134,"column":54},"end":{"line":134,"column":77}},"48":{"start":{"line":137,"column":28},"end":{"line":137,"column":41}},"49":{"start":{"line":138,"column":20},"end":{"line":138,"column":25}},"50":{"start":{"line":141,"column":23},"end":{"line":141,"column":41}},"51":{"start":{"line":142,"column":4},"end":{"line":142,"column":63}},"52":{"start":{"line":145,"column":2},"end":{"line":160,"column":3}},"53":{"start":{"line":146,"column":25},"end":{"line":146,"column":43}},"54":{"start":{"line":164,"column":24},"end":{"line":164,"column":42}},"55":{"start":{"line":165,"column":2},"end":{"line":177,"column":3}}},"fnMap":{"0":{"name":"(anonymous_0)","decl":{"start":{"line":18,"column":46},"end":{"line":18,"column":47}},"loc":{"start":{"line":19,"column":2},"end":{"line":19,"column":54}},"line":19},"1":{"name":"(anonymous_1)","decl":{"start":{"line":19,"column":28},"end":{"line":19,"column":29}},"loc":{"start":{"line":19,"column":34},"end":{"line":19,"column":53}},"line":19},"2":{"name":"appReducer","decl":{"start":{"line":22,"column":9},"end":{"line":22,"column":19}},"loc":{"start":{"line":22,"column":35},"end":{"line":34,"column":1}},"line":22},"3":{"name":"AppProvider","decl":{"start":{"line":36,"column":9},"end":{"line":36,"column":20}},"loc":{"start":{"line":36,"column":33},"end":{"line":47,"column":1}},"line":36},"4":{"name":"useAppState","decl":{"start":{"line":49,"column":9},"end":{"line":49,"column":20}},"loc":{"start":{"line":49,"column":23},"end":{"line":55,"column":1}},"line":49},"5":{"name":"useAppDispatch","decl":{"start":{"line":57,"column":9},"end":{"line":57,"column":23}},"loc":{"start":{"line":57,"column":26},"end":{"line":63,"column":1}},"line":57},"6":{"name":"dogReducer","decl":{"start":{"line":65,"column":9},"end":{"line":65,"column":19}},"loc":{"start":{"line":65,"column":35},"end":{"line":74,"column":1}},"line":65},"7":{"name":"DogProvider","decl":{"start":{"line":76,"column":9},"end":{"line":76,"column":20}},"loc":{"start":{"line":76,"column":28},"end":{"line":80,"column":1}},"line":76},"8":{"name":"useDogState","decl":{"start":{"line":82,"column":9},"end":{"line":82,"column":20}},"loc":{"start":{"line":82,"column":23},"end":{"line":88,"column":1}},"line":82},"9":{"name":"Grid","decl":{"start":{"line":90,"column":9},"end":{"line":90,"column":13}},"loc":{"start":{"line":90,"column":16},"end":{"line":105,"column":1}},"line":90},"10":{"name":"(anonymous_10)","decl":{"start":{"line":94,"column":25},"end":{"line":94,"column":26}},"loc":{"start":{"line":94,"column":31},"end":{"line":94,"column":62}},"line":94},"11":{"name":"withStateSlice","decl":{"start":{"line":108,"column":9},"end":{"line":108,"column":23}},"loc":{"start":{"line":108,"column":37},"end":{"line":116,"column":1}},"line":108},"12":{"name":"Wrapper","decl":{"start":{"line":110,"column":11},"end":{"line":110,"column":18}},"loc":{"start":{"line":110,"column":31},"end":{"line":113,"column":3}},"line":110},"13":{"name":"Cell","decl":{"start":{"line":118,"column":9},"end":{"line":118,"column":13}},"loc":{"start":{"line":118,"column":42},"end":{"line":133,"column":1}},"line":118},"14":{"name":"(anonymous_14)","decl":{"start":{"line":120,"column":22},"end":{"line":120,"column":23}},"loc":{"start":{"line":120,"column":28},"end":{"line":120,"column":77}},"line":120},"15":{"name":"(anonymous_15)","decl":{"start":{"line":134,"column":28},"end":{"line":134,"column":29}},"loc":{"start":{"line":134,"column":54},"end":{"line":134,"column":77}},"line":134},"16":{"name":"DogNameInput","decl":{"start":{"line":136,"column":9},"end":{"line":136,"column":21}},"loc":{"start":{"line":136,"column":24},"end":{"line":161,"column":1}},"line":136},"17":{"name":"handleChange","decl":{"start":{"line":140,"column":11},"end":{"line":140,"column":23}},"loc":{"start":{"line":140,"column":31},"end":{"line":143,"column":3}},"line":140},"18":{"name":"(anonymous_18)","decl":{"start":{"line":146,"column":20},"end":{"line":146,"column":21}},"loc":{"start":{"line":146,"column":25},"end":{"line":146,"column":43}},"line":146},"19":{"name":"App","decl":{"start":{"line":163,"column":9},"end":{"line":163,"column":12}},"loc":{"start":{"line":163,"column":15},"end":{"line":178,"column":1}},"line":163}},"branchMap":{"0":{"loc":{"start":{"line":23,"column":2},"end":{"line":33,"column":3}},"type":"switch","locations":[{"start":{"line":24,"column":4},"end":{"line":26,"column":5}},{"start":{"line":27,"column":4},"end":{"line":29,"column":5}},{"start":{"line":30,"column":4},"end":{"line":32,"column":5}}],"line":23},"1":{"loc":{"start":{"line":51,"column":2},"end":{"line":53,"column":3}},"type":"if","locations":[{"start":{"line":51,"column":2},"end":{"line":53,"column":3}},{"start":{},"end":{}}],"line":51},"2":{"loc":{"start":{"line":59,"column":2},"end":{"line":61,"column":3}},"type":"if","locations":[{"start":{"line":59,"column":2},"end":{"line":61,"column":3}},{"start":{},"end":{}}],"line":59},"3":{"loc":{"start":{"line":66,"column":2},"end":{"line":73,"column":3}},"type":"switch","locations":[{"start":{"line":67,"column":4},"end":{"line":69,"column":5}},{"start":{"line":70,"column":4},"end":{"line":72,"column":5}}],"line":66},"4":{"loc":{"start":{"line":84,"column":2},"end":{"line":86,"column":3}},"type":"if","locations":[{"start":{"line":84,"column":2},"end":{"line":86,"column":3}},{"start":{},"end":{}}],"line":84},"5":{"loc":{"start":{"line":114,"column":42},"end":{"line":114,"column":71}},"type":"binary-expr","locations":[{"start":{"line":114,"column":42},"end":{"line":114,"column":58}},{"start":{"line":114,"column":62},"end":{"line":114,"column":71}}],"line":114},"6":{"loc":{"start":{"line":126,"column":15},"end":{"line":126,"column":44}},"type":"cond-expr","locations":[{"start":{"line":126,"column":27},"end":{"line":126,"column":34}},{"start":{"line":126,"column":37},"end":{"line":126,"column":44}}],"line":126},"7":{"loc":{"start":{"line":154,"column":7},"end":{"line":158,"column":14}},"type":"cond-expr","locations":[{"start":{"line":155,"column":8},"end":{"line":157,"column":14}},{"start":{"line":158,"column":10},"end":{"line":158,"column":14}}],"line":154}},"s":{"0":0,"1":0,"2":0,"3":0,"4":0,"5":0,"6":0,"7":0,"8":0,"9":0,"10":0,"11":0,"12":0,"13":0,"14":0,"15":0,"16":0,"17":0,"18":0,"19":0,"20":0,"21":0,"22":0,"23":0,"24":0,"25":0,"26":0,"27":0,"28":0,"29":0,"30":0,"31":0,"32":0,"33":0,"34":0,"35":0,"36":0,"37":0,"38":0,"39":0,"40":0,"41":0,"42":0,"43":0,"44":0,"45":0,"46":0,"47":0,"48":0,"49":0,"50":0,"51":0,"52":0,"53":0,"54":0,"55":0},"f":{"0":0,"1":0,"2":0,"3":0,"4":0,"5":0,"6":0,"7":0,"8":0,"9":0,"10":0,"11":0,"12":0,"13":0,"14":0,"15":0,"16":0,"17":0,"18":0,"19":0},"b":{"0":[0,0,0],"1":[0,0],"2":[0,0],"3":[0,0],"4":[0,0],"5":[0,0],"6":[0,0],"7":[0,0]}}
,"/Users/rrasmuss/projects/epicreact/react-performance/src/final/06.extra-4.js": {"path":"/Users/rrasmuss/projects/epicreact/react-performance/src/final/06.extra-4.js","statementMap":{"0":{"start":{"line":9,"column":24},"end":{"line":9,"column":45}},"1":{"start":{"line":11,"column":20},"end":{"line":13,"column":1}},"2":{"start":{"line":12,"column":2},"end":{"line":12,"column":54}},"3":{"start":{"line":12,"column":34},"end":{"line":12,"column":53}},"4":{"start":{"line":15,"column":18},"end":{"line":18,"column":2}},"5":{"start":{"line":17,"column":30},"end":{"line":17,"column":54}},"6":{"start":{"line":21,"column":2},"end":{"line":29,"column":4}},"7":{"start":{"line":21,"column":38},"end":{"line":29,"column":3}},"8":{"start":{"line":22,"column":4},"end":{"line":28,"column":5}},"9":{"start":{"line":22,"column":19},"end":{"line":22,"column":20}},"10":{"start":{"line":23,"column":6},"end":{"line":27,"column":7}},"11":{"start":{"line":23,"column":24},"end":{"line":23,"column":25}},"12":{"start":{"line":24,"column":8},"end":{"line":26,"column":9}},"13":{"start":{"line":25,"column":10},"end":{"line":25,"column":60}},"14":{"start":{"line":33,"column":2},"end":{"line":40,"column":3}},"15":{"start":{"line":35,"column":6},"end":{"line":35,"column":48}},"16":{"start":{"line":38,"column":6},"end":{"line":38,"column":62}},"17":{"start":{"line":44,"column":28},"end":{"line":46,"column":4}},"18":{"start":{"line":47,"column":16},"end":{"line":47,"column":33}},"19":{"start":{"line":48,"column":2},"end":{"line":52,"column":3}},"20":{"start":{"line":56,"column":18},"end":{"line":56,"column":51}},"21":{"start":{"line":57,"column":2},"end":{"line":59,"column":3}},"22":{"start":{"line":58,"column":4},"end":{"line":58,"column":70}},"23":{"start":{"line":60,"column":2},"end":{"line":60,"column":16}},"24":{"start":{"line":64,"column":21},"end":{"line":64,"column":36}},"25":{"start":{"line":65,"column":26},"end":{"line":65,"column":47}},"26":{"start":{"line":66,"column":32},"end":{"line":66,"column":53}},"27":{"start":{"line":67,"column":25},"end":{"line":67,"column":58}},"28":{"start":{"line":67,"column":31},"end":{"line":67,"column":58}},"29":{"start":{"line":68,"column":2},"end":{"line":77,"column":3}},"30":{"start":{"line":81,"column":26},"end":{"line":81,"column":66}},"31":{"start":{"line":82,"column":22},"end":{"line":82,"column":56}},"32":{"start":{"line":82,"column":28},"end":{"line":82,"column":56}},"33":{"start":{"line":83,"column":2},"end":{"line":94,"column":3}},"34":{"start":{"line":98,"column":28},"end":{"line":98,"column":41}},"35":{"start":{"line":99,"column":20},"end":{"line":99,"column":25}},"36":{"start":{"line":102,"column":23},"end":{"line":102,"column":41}},"37":{"start":{"line":103,"column":4},"end":{"line":103,"column":63}},"38":{"start":{"line":106,"column":2},"end":{"line":121,"column":3}},"39":{"start":{"line":107,"column":25},"end":{"line":107,"column":43}},"40":{"start":{"line":125,"column":24},"end":{"line":125,"column":42}},"41":{"start":{"line":126,"column":2},"end":{"line":138,"column":3}}},"fnMap":{"0":{"name":"(anonymous_0)","decl":{"start":{"line":11,"column":46},"end":{"line":11,"column":47}},"loc":{"start":{"line":12,"column":2},"end":{"line":12,"column":54}},"line":12},"1":{"name":"(anonymous_1)","decl":{"start":{"line":12,"column":28},"end":{"line":12,"column":29}},"loc":{"start":{"line":12,"column":34},"end":{"line":12,"column":53}},"line":12},"2":{"name":"(anonymous_2)","decl":{"start":{"line":17,"column":11},"end":{"line":17,"column":12}},"loc":{"start":{"line":17,"column":30},"end":{"line":17,"column":54}},"line":17},"3":{"name":"useUpdateGrid","decl":{"start":{"line":20,"column":9},"end":{"line":20,"column":22}},"loc":{"start":{"line":20,"column":25},"end":{"line":30,"column":1}},"line":20},"4":{"name":"(anonymous_4)","decl":{"start":{"line":21,"column":27},"end":{"line":21,"column":28}},"loc":{"start":{"line":21,"column":38},"end":{"line":29,"column":3}},"line":21},"5":{"name":"(anonymous_5)","decl":{"start":{"line":21,"column":38},"end":{"line":21,"column":39}},"loc":{"start":{"line":21,"column":59},"end":{"line":29,"column":3}},"line":21},"6":{"name":"appReducer","decl":{"start":{"line":32,"column":9},"end":{"line":32,"column":19}},"loc":{"start":{"line":32,"column":35},"end":{"line":41,"column":1}},"line":32},"7":{"name":"AppProvider","decl":{"start":{"line":43,"column":9},"end":{"line":43,"column":20}},"loc":{"start":{"line":43,"column":33},"end":{"line":53,"column":1}},"line":43},"8":{"name":"useAppState","decl":{"start":{"line":55,"column":9},"end":{"line":55,"column":20}},"loc":{"start":{"line":55,"column":23},"end":{"line":61,"column":1}},"line":55},"9":{"name":"Grid","decl":{"start":{"line":63,"column":9},"end":{"line":63,"column":13}},"loc":{"start":{"line":63,"column":16},"end":{"line":78,"column":1}},"line":63},"10":{"name":"(anonymous_10)","decl":{"start":{"line":67,"column":25},"end":{"line":67,"column":26}},"loc":{"start":{"line":67,"column":31},"end":{"line":67,"column":58}},"line":67},"11":{"name":"Cell","decl":{"start":{"line":80,"column":9},"end":{"line":80,"column":13}},"loc":{"start":{"line":80,"column":29},"end":{"line":95,"column":1}},"line":80},"12":{"name":"(anonymous_12)","decl":{"start":{"line":82,"column":22},"end":{"line":82,"column":23}},"loc":{"start":{"line":82,"column":28},"end":{"line":82,"column":56}},"line":82},"13":{"name":"DogNameInput","decl":{"start":{"line":97,"column":9},"end":{"line":97,"column":21}},"loc":{"start":{"line":97,"column":24},"end":{"line":122,"column":1}},"line":97},"14":{"name":"handleChange","decl":{"start":{"line":101,"column":11},"end":{"line":101,"column":23}},"loc":{"start":{"line":101,"column":31},"end":{"line":104,"column":3}},"line":101},"15":{"name":"(anonymous_15)","decl":{"start":{"line":107,"column":20},"end":{"line":107,"column":21}},"loc":{"start":{"line":107,"column":25},"end":{"line":107,"column":43}},"line":107},"16":{"name":"App","decl":{"start":{"line":124,"column":9},"end":{"line":124,"column":12}},"loc":{"start":{"line":124,"column":15},"end":{"line":139,"column":1}},"line":124}},"branchMap":{"0":{"loc":{"start":{"line":24,"column":8},"end":{"line":26,"column":9}},"type":"if","locations":[{"start":{"line":24,"column":8},"end":{"line":26,"column":9}},{"start":{},"end":{}}],"line":24},"1":{"loc":{"start":{"line":33,"column":2},"end":{"line":40,"column":3}},"type":"switch","locations":[{"start":{"line":34,"column":4},"end":{"line":36,"column":5}},{"start":{"line":37,"column":4},"end":{"line":39,"column":5}}],"line":33},"2":{"loc":{"start":{"line":57,"column":2},"end":{"line":59,"column":3}},"type":"if","locations":[{"start":{"line":57,"column":2},"end":{"line":59,"column":3}},{"start":{},"end":{}}],"line":57},"3":{"loc":{"start":{"line":88,"column":15},"end":{"line":88,"column":44}},"type":"cond-expr","locations":[{"start":{"line":88,"column":27},"end":{"line":88,"column":34}},{"start":{"line":88,"column":37},"end":{"line":88,"column":44}}],"line":88},"4":{"loc":{"start":{"line":115,"column":7},"end":{"line":119,"column":14}},"type":"cond-expr","locations":[{"start":{"line":116,"column":8},"end":{"line":118,"column":14}},{"start":{"line":119,"column":10},"end":{"line":119,"column":14}}],"line":115}},"s":{"0":0,"1":0,"2":0,"3":0,"4":0,"5":0,"6":0,"7":0,"8":0,"9":0,"10":0,"11":0,"12":0,"13":0,"14":0,"15":0,"16":0,"17":0,"18":0,"19":0,"20":0,"21":0,"22":0,"23":0,"24":0,"25":0,"26":0,"27":0,"28":0,"29":0,"30":0,"31":0,"32":0,"33":0,"34":0,"35":0,"36":0,"37":0,"38":0,"39":0,"40":0,"41":0},"f":{"0":0,"1":0,"2":0,"3":0,"4":0,"5":0,"6":0,"7":0,"8":0,"9":0,"10":0,"11":0,"12":0,"13":0,"14":0,"15":0,"16":0},"b":{"0":[0,0],"1":[0,0],"2":[0,0],"3":[0,0],"4":[0,0]}}
,"/Users/rrasmuss/projects/epicreact/react-performance/src/final/06.js": {"path":"/Users/rrasmuss/projects/epicreact/react-performance/src/final/06.js","statementMap":{"0":{"start":{"line":13,"column":24},"end":{"line":13,"column":45}},"1":{"start":{"line":14,"column":27},"end":{"line":14,"column":48}},"2":{"start":{"line":16,"column":20},"end":{"line":18,"column":1}},"3":{"start":{"line":17,"column":2},"end":{"line":17,"column":54}},"4":{"start":{"line":17,"column":34},"end":{"line":17,"column":53}},"5":{"start":{"line":21,"column":2},"end":{"line":31,"column":3}},"6":{"start":{"line":23,"column":6},"end":{"line":23,"column":70}},"7":{"start":{"line":26,"column":6},"end":{"line":26,"column":58}},"8":{"start":{"line":29,"column":6},"end":{"line":29,"column":62}},"9":{"start":{"line":35,"column":28},"end":{"line":37,"column":4}},"10":{"start":{"line":38,"column":2},"end":{"line":44,"column":3}},"11":{"start":{"line":48,"column":18},"end":{"line":48,"column":51}},"12":{"start":{"line":49,"column":2},"end":{"line":51,"column":3}},"13":{"start":{"line":50,"column":4},"end":{"line":50,"column":70}},"14":{"start":{"line":52,"column":2},"end":{"line":52,"column":16}},"15":{"start":{"line":56,"column":18},"end":{"line":56,"column":54}},"16":{"start":{"line":57,"column":2},"end":{"line":59,"column":3}},"17":{"start":{"line":58,"column":4},"end":{"line":58,"column":73}},"18":{"start":{"line":60,"column":2},"end":{"line":60,"column":16}},"19":{"start":{"line":64,"column":19},"end":{"line":64,"column":35}},"20":{"start":{"line":65,"column":26},"end":{"line":65,"column":47}},"21":{"start":{"line":66,"column":32},"end":{"line":66,"column":53}},"22":{"start":{"line":67,"column":25},"end":{"line":67,"column":62}},"23":{"start":{"line":67,"column":31},"end":{"line":67,"column":62}},"24":{"start":{"line":68,"column":2},"end":{"line":77,"column":3}},"25":{"start":{"line":79,"column":0},"end":{"line":79,"column":23}},"26":{"start":{"line":82,"column":16},"end":{"line":82,"column":29}},"27":{"start":{"line":83,"column":15},"end":{"line":83,"column":38}},"28":{"start":{"line":84,"column":19},"end":{"line":84,"column":35}},"29":{"start":{"line":85,"column":22},"end":{"line":85,"column":77}},"30":{"start":{"line":85,"column":28},"end":{"line":85,"column":77}},"31":{"start":{"line":86,"column":2},"end":{"line":97,"column":3}},"32":{"start":{"line":99,"column":0},"end":{"line":99,"column":23}},"33":{"start":{"line":102,"column":32},"end":{"line":102,"column":50}},"34":{"start":{"line":105,"column":23},"end":{"line":105,"column":41}},"35":{"start":{"line":106,"column":4},"end":{"line":106,"column":26}},"36":{"start":{"line":109,"column":2},"end":{"line":124,"column":3}},"37":{"start":{"line":110,"column":25},"end":{"line":110,"column":43}},"38":{"start":{"line":127,"column":24},"end":{"line":127,"column":42}},"39":{"start":{"line":128,"column":2},"end":{"line":138,"column":3}}},"fnMap":{"0":{"name":"(anonymous_0)","decl":{"start":{"line":16,"column":46},"end":{"line":16,"column":47}},"loc":{"start":{"line":17,"column":2},"end":{"line":17,"column":54}},"line":17},"1":{"name":"(anonymous_1)","decl":{"start":{"line":17,"column":28},"end":{"line":17,"column":29}},"loc":{"start":{"line":17,"column":34},"end":{"line":17,"column":53}},"line":17},"2":{"name":"appReducer","decl":{"start":{"line":20,"column":9},"end":{"line":20,"column":19}},"loc":{"start":{"line":20,"column":35},"end":{"line":32,"column":1}},"line":20},"3":{"name":"AppProvider","decl":{"start":{"line":34,"column":9},"end":{"line":34,"column":20}},"loc":{"start":{"line":34,"column":33},"end":{"line":45,"column":1}},"line":34},"4":{"name":"useAppState","decl":{"start":{"line":47,"column":9},"end":{"line":47,"column":20}},"loc":{"start":{"line":47,"column":23},"end":{"line":53,"column":1}},"line":47},"5":{"name":"useAppDispatch","decl":{"start":{"line":55,"column":9},"end":{"line":55,"column":23}},"loc":{"start":{"line":55,"column":26},"end":{"line":61,"column":1}},"line":55},"6":{"name":"Grid","decl":{"start":{"line":63,"column":9},"end":{"line":63,"column":13}},"loc":{"start":{"line":63,"column":16},"end":{"line":78,"column":1}},"line":63},"7":{"name":"(anonymous_7)","decl":{"start":{"line":67,"column":25},"end":{"line":67,"column":26}},"loc":{"start":{"line":67,"column":31},"end":{"line":67,"column":62}},"line":67},"8":{"name":"Cell","decl":{"start":{"line":81,"column":9},"end":{"line":81,"column":13}},"loc":{"start":{"line":81,"column":29},"end":{"line":98,"column":1}},"line":81},"9":{"name":"(anonymous_9)","decl":{"start":{"line":85,"column":22},"end":{"line":85,"column":23}},"loc":{"start":{"line":85,"column":28},"end":{"line":85,"column":77}},"line":85},"10":{"name":"DogNameInput","decl":{"start":{"line":101,"column":9},"end":{"line":101,"column":21}},"loc":{"start":{"line":101,"column":24},"end":{"line":125,"column":1}},"line":101},"11":{"name":"handleChange","decl":{"start":{"line":104,"column":11},"end":{"line":104,"column":23}},"loc":{"start":{"line":104,"column":31},"end":{"line":107,"column":3}},"line":104},"12":{"name":"(anonymous_12)","decl":{"start":{"line":110,"column":20},"end":{"line":110,"column":21}},"loc":{"start":{"line":110,"column":25},"end":{"line":110,"column":43}},"line":110},"13":{"name":"App","decl":{"start":{"line":126,"column":9},"end":{"line":126,"column":12}},"loc":{"start":{"line":126,"column":15},"end":{"line":139,"column":1}},"line":126}},"branchMap":{"0":{"loc":{"start":{"line":21,"column":2},"end":{"line":31,"column":3}},"type":"switch","locations":[{"start":{"line":22,"column":4},"end":{"line":24,"column":5}},{"start":{"line":25,"column":4},"end":{"line":27,"column":5}},{"start":{"line":28,"column":4},"end":{"line":30,"column":5}}],"line":21},"1":{"loc":{"start":{"line":49,"column":2},"end":{"line":51,"column":3}},"type":"if","locations":[{"start":{"line":49,"column":2},"end":{"line":51,"column":3}},{"start":{},"end":{}}],"line":49},"2":{"loc":{"start":{"line":57,"column":2},"end":{"line":59,"column":3}},"type":"if","locations":[{"start":{"line":57,"column":2},"end":{"line":59,"column":3}},{"start":{},"end":{}}],"line":57},"3":{"loc":{"start":{"line":91,"column":15},"end":{"line":91,"column":44}},"type":"cond-expr","locations":[{"start":{"line":91,"column":27},"end":{"line":91,"column":34}},{"start":{"line":91,"column":37},"end":{"line":91,"column":44}}],"line":91},"4":{"loc":{"start":{"line":118,"column":7},"end":{"line":122,"column":14}},"type":"cond-expr","locations":[{"start":{"line":119,"column":8},"end":{"line":121,"column":14}},{"start":{"line":122,"column":10},"end":{"line":122,"column":14}}],"line":118}},"s":{"0":1,"1":1,"2":1,"3":100,"4":10000,"5":1,"6":1,"7":0,"8":0,"9":2,"10":2,"11":5000,"12":5000,"13":0,"14":5000,"15":5001,"16":5001,"17":0,"18":5001,"19":1,"20":1,"21":1,"22":1,"23":0,"24":1,"25":1,"26":5000,"27":5000,"28":5000,"29":5000,"30":1,"31":5000,"32":1,"33":6,"34":5,"35":5,"36":6,"37":0,"38":1,"39":1},"f":{"0":100,"1":10000,"2":1,"3":2,"4":5000,"5":5001,"6":1,"7":0,"8":5000,"9":1,"10":6,"11":5,"12":0,"13":1},"b":{"0":[1,0,0],"1":[0,5000],"2":[0,5001],"3":[2395,2605],"4":[5,1]},"_coverageSchema":"1a1c01bbd47fc00a2c39e90264f33305004495a9","hash":"6f47710ed8c6d9019d974d71732dd1f298adf881"}
,"/Users/rrasmuss/projects/epicreact/react-performance/src/final/07.js": {"path":"/Users/rrasmuss/projects/epicreact/react-performance/src/final/07.js","statementMap":{"0":{"start":{"line":8,"column":28},"end":{"line":8,"column":45}},"1":{"start":{"line":9,"column":20},"end":{"line":9,"column":46}},"2":{"start":{"line":9,"column":26},"end":{"line":9,"column":46}},"3":{"start":{"line":9,"column":40},"end":{"line":9,"column":45}},"4":{"start":{"line":10,"column":2},"end":{"line":10,"column":53}},"5":{"start":{"line":14,"column":2},"end":{"line":27,"column":3}}},"fnMap":{"0":{"name":"Counter","decl":{"start":{"line":7,"column":9},"end":{"line":7,"column":16}},"loc":{"start":{"line":7,"column":19},"end":{"line":11,"column":1}},"line":7},"1":{"name":"(anonymous_1)","decl":{"start":{"line":9,"column":20},"end":{"line":9,"column":21}},"loc":{"start":{"line":9,"column":26},"end":{"line":9,"column":46}},"line":9},"2":{"name":"(anonymous_2)","decl":{"start":{"line":9,"column":35},"end":{"line":9,"column":36}},"loc":{"start":{"line":9,"column":40},"end":{"line":9,"column":45}},"line":9},"3":{"name":"App","decl":{"start":{"line":13,"column":9},"end":{"line":13,"column":12}},"loc":{"start":{"line":13,"column":15},"end":{"line":28,"column":1}},"line":13}},"branchMap":{},"s":{"0":2,"1":2,"2":0,"3":0,"4":2,"5":1},"f":{"0":2,"1":0,"2":0,"3":1},"b":{},"_coverageSchema":"1a1c01bbd47fc00a2c39e90264f33305004495a9","hash":"b0e065b8daa4b39ef96dba7ebf486f1e42c37305"}
}
