TN:
SF:src/final/01.extra-1.js
FN:7,(anonymous_0)
FN:10,App
FN:32,(anonymous_2)
FNF:3
FNH:0
FNDA:0,(anonymous_0)
FNDA:0,App
FNDA:0,(anonymous_2)
DA:7,0
DA:8,0
DA:11,0
DA:13,0
DA:32,0
LF:5
LH:0
BRDA:38,0,0,0
BRDA:38,0,1,0
BRF:2
BRH:0
end_of_record
TN:
SF:src/final/01.extra-2.js
FN:7,(anonymous_0)
FN:9,App
FN:27,(anonymous_2)
FNF:3
FNH:0
FNDA:0,(anonymous_0)
FNDA:0,App
FNDA:0,(anonymous_2)
DA:7,0
DA:10,0
DA:12,0
DA:27,0
LF:4
LH:0
BRDA:33,0,0,0
BRDA:33,0,1,0
BRF:2
BRH:0
end_of_record
TN:
SF:src/final/01.js
FN:6,(anonymous_0)
FN:8,App
FN:26,(anonymous_2)
FNF:3
FNH:3
FNDA:1,(anonymous_0)
FNDA:2,App
FNDA:1,(anonymous_2)
DA:6,1
DA:9,2
DA:11,2
DA:26,1
LF:4
LH:4
BRDA:32,0,0,1
BRDA:32,0,1,1
BRF:2
BRH:2
end_of_record
TN:
SF:src/final/02.extra-1.js
FN:13,Menu
FN:22,(anonymous_1)
FN:38,ListItem
FN:63,App
FN:67,(anonymous_4)
FN:82,(anonymous_5)
FN:83,(anonymous_6)
FN:89,(anonymous_7)
FN:99,(anonymous_8)
FNF:9
FNH:0
FNDA:0,Menu
FNDA:0,(anonymous_1)
FNDA:0,ListItem
FNDA:0,App
FNDA:0,(anonymous_4)
FNDA:0,(anonymous_5)
FNDA:0,(anonymous_6)
FNDA:0,(anonymous_7)
FNDA:0,(anonymous_8)
DA:20,0
DA:23,0
DA:46,0
DA:47,0
DA:48,0
DA:64,0
DA:65,0
DA:67,0
DA:68,0
DA:79,0
DA:82,0
DA:84,0
DA:89,0
DA:92,0
DA:99,0
LF:15
LH:0
BRDA:54,0,0,0
BRDA:54,0,1,0
BRDA:55,1,0,0
BRDA:55,1,1,0
BRDA:85,2,0,0
BRDA:85,2,1,0
BRDA:89,3,0,0
BRDA:89,3,1,0
BRF:8
BRH:0
end_of_record
TN:
SF:src/final/02.extra-2.js
FN:10,Menu
FN:19,(anonymous_1)
FN:35,ListItem
FN:60,App
FN:65,(anonymous_4)
FN:82,(anonymous_5)
FN:83,(anonymous_6)
FN:89,(anonymous_7)
FN:99,(anonymous_8)
FNF:9
FNH:0
FNDA:0,Menu
FNDA:0,(anonymous_1)
FNDA:0,ListItem
FNDA:0,App
FNDA:0,(anonymous_4)
FNDA:0,(anonymous_5)
FNDA:0,(anonymous_6)
FNDA:0,(anonymous_7)
FNDA:0,(anonymous_8)
DA:17,0
DA:20,0
DA:43,0
DA:44,0
DA:45,0
DA:61,0
DA:62,0
DA:64,0
DA:65,0
DA:66,0
DA:68,0
DA:79,0
DA:82,0
DA:84,0
DA:89,0
DA:92,0
DA:99,0
LF:17
LH:0
BRDA:51,0,0,0
BRDA:51,0,1,0
BRDA:52,1,0,0
BRDA:52,1,1,0
BRDA:85,2,0,0
BRDA:85,2,1,0
BRDA:89,3,0,0
BRDA:89,3,1,0
BRF:8
BRH:0
end_of_record
TN:
SF:src/final/02.js
FN:9,Menu
FN:18,(anonymous_1)
FN:34,ListItem
FN:59,App
FN:63,(anonymous_4)
FN:78,(anonymous_5)
FN:79,(anonymous_6)
FN:85,(anonymous_7)
FN:95,(anonymous_8)
FNF:9
FNH:6
FNDA:4,Menu
FNDA:200,(anonymous_1)
FNDA:200,ListItem
FNDA:4,App
FNDA:2,(anonymous_4)
FNDA:1,(anonymous_5)
FNDA:0,(anonymous_6)
FNDA:0,(anonymous_7)
FNDA:0,(anonymous_8)
DA:16,4
DA:19,200
DA:42,200
DA:43,200
DA:44,200
DA:60,4
DA:61,4
DA:63,4
DA:64,4
DA:75,4
DA:78,1
DA:80,0
DA:85,0
DA:88,4
DA:95,0
LF:15
LH:12
BRDA:50,0,0,0
BRDA:50,0,1,200
BRDA:51,1,0,0
BRDA:51,1,1,200
BRDA:81,2,0,0
BRDA:81,2,1,0
BRDA:85,3,0,0
BRDA:85,3,1,0
BRF:8
BRH:2
end_of_record
TN:
SF:src/final/03.extra-1.js
FN:10,Menu
FN:19,(anonymous_1)
FN:36,ListItem
FN:60,(anonymous_3)
FN:81,App
FN:86,(anonymous_5)
FN:103,(anonymous_6)
FN:104,(anonymous_7)
FN:110,(anonymous_8)
FN:120,(anonymous_9)
FNF:10
FNH:0
FNDA:0,Menu
FNDA:0,(anonymous_1)
FNDA:0,ListItem
FNDA:0,(anonymous_3)
FNDA:0,App
FNDA:0,(anonymous_5)
FNDA:0,(anonymous_6)
FNDA:0,(anonymous_7)
FNDA:0,(anonymous_8)
FNDA:0,(anonymous_9)
DA:17,0
DA:20,0
DA:34,0
DA:44,0
DA:45,0
DA:46,0
DA:60,0
DA:65,0
DA:66,0
DA:67,0
DA:68,0
DA:73,0
DA:74,0
DA:75,0
DA:76,0
DA:78,0
DA:82,0
DA:83,0
DA:85,0
DA:86,0
DA:87,0
DA:89,0
DA:100,0
DA:103,0
DA:105,0
DA:110,0
DA:113,0
DA:120,0
LF:28
LH:0
BRDA:52,0,0,0
BRDA:52,0,1,0
BRDA:53,1,0,0
BRDA:53,1,1,0
BRDA:65,2,0,0
BRDA:65,2,1,0
BRDA:66,3,0,0
BRDA:66,3,1,0
BRDA:67,4,0,0
BRDA:67,4,1,0
BRDA:68,5,0,0
BRDA:68,5,1,0
BRDA:73,6,0,0
BRDA:73,6,1,0
BRDA:106,7,0,0
BRDA:106,7,1,0
BRDA:110,8,0,0
BRDA:110,8,1,0
BRF:18
BRH:0
end_of_record
TN:
SF:src/final/03.extra-2.js
FN:10,Menu
FN:19,(anonymous_1)
FN:36,ListItem
FN:60,App
FN:65,(anonymous_4)
FN:82,(anonymous_5)
FN:83,(anonymous_6)
FN:89,(anonymous_7)
FN:99,(anonymous_8)
FNF:9
FNH:0
FNDA:0,Menu
FNDA:0,(anonymous_1)
FNDA:0,ListItem
FNDA:0,App
FNDA:0,(anonymous_4)
FNDA:0,(anonymous_5)
FNDA:0,(anonymous_6)
FNDA:0,(anonymous_7)
FNDA:0,(anonymous_8)
DA:17,0
DA:20,0
DA:34,0
DA:44,0
DA:58,0
DA:61,0
DA:62,0
DA:64,0
DA:65,0
DA:66,0
DA:68,0
DA:79,0
DA:82,0
DA:84,0
DA:89,0
DA:92,0
DA:99,0
LF:17
LH:0
BRDA:50,0,0,0
BRDA:50,0,1,0
BRDA:51,1,0,0
BRDA:51,1,1,0
BRDA:85,2,0,0
BRDA:85,2,1,0
BRDA:89,3,0,0
BRDA:89,3,1,0
BRF:8
BRH:0
end_of_record
TN:
SF:src/final/03.js
FN:9,Menu
FN:18,(anonymous_1)
FN:35,ListItem
FN:61,App
FN:66,(anonymous_4)
FN:83,(anonymous_5)
FN:84,(anonymous_6)
FN:90,(anonymous_7)
FN:100,(anonymous_8)
FNF:9
FNH:0
FNDA:0,Menu
FNDA:0,(anonymous_1)
FNDA:0,ListItem
FNDA:0,App
FNDA:0,(anonymous_4)
FNDA:0,(anonymous_5)
FNDA:0,(anonymous_6)
FNDA:0,(anonymous_7)
FNDA:0,(anonymous_8)
DA:16,0
DA:19,0
DA:33,1
DA:43,0
DA:44,0
DA:45,0
DA:59,1
DA:62,0
DA:63,0
DA:65,0
DA:66,0
DA:67,0
DA:69,0
DA:80,0
DA:83,0
DA:85,0
DA:90,0
DA:93,0
DA:100,0
LF:19
LH:2
BRDA:51,0,0,0
BRDA:51,0,1,0
BRDA:52,1,0,0
BRDA:52,1,1,0
BRDA:86,2,0,0
BRDA:86,2,1,0
BRDA:90,3,0,0
BRDA:90,3,1,0
BRF:8
BRH:0
end_of_record
TN:
SF:src/final/04.js
FN:10,(anonymous_0)
FN:19,Menu
FN:32,(anonymous_2)
FN:53,ListItem
FN:78,App
FN:83,(anonymous_5)
FN:92,(anonymous_6)
FN:108,(anonymous_7)
FN:109,(anonymous_8)
FN:115,(anonymous_9)
FN:116,(anonymous_10)
FN:117,(anonymous_11)
FN:128,(anonymous_12)
FNF:13
FNH:7
FNDA:11,(anonymous_0)
FNDA:4,Menu
FNDA:11,(anonymous_2)
FNDA:11,ListItem
FNDA:5,App
FNDA:1,(anonymous_5)
FNDA:100,(anonymous_6)
FNDA:0,(anonymous_7)
FNDA:0,(anonymous_8)
FNDA:0,(anonymous_9)
FNDA:0,(anonymous_10)
FNDA:0,(anonymous_11)
FNDA:0,(anonymous_12)
DA:10,11
DA:29,4
DA:33,11
DA:34,11
DA:35,11
DA:62,11
DA:79,5
DA:80,5
DA:82,5
DA:83,5
DA:84,1
DA:87,5
DA:89,5
DA:92,100
DA:105,5
DA:108,0
DA:110,0
DA:115,0
DA:118,0
DA:121,5
DA:128,0
LF:21
LH:16
BRDA:34,0,0,0
BRDA:34,0,1,11
BRDA:68,1,0,0
BRDA:68,1,1,11
BRDA:69,2,0,0
BRDA:69,2,1,11
BRDA:111,3,0,0
BRDA:111,3,1,0
BRDA:115,4,0,0
BRDA:115,4,1,0
BRDA:118,5,0,0
BRDA:118,5,1,0
BRF:12
BRH:3
end_of_record
TN:
SF:src/final/05.extra-1.js
FN:17,(anonymous_0)
FN:18,(anonymous_1)
FN:21,appReducer
FN:38,AppProvider
FN:52,useAppState
FN:60,useAppDispatch
FN:68,Grid
FN:72,(anonymous_7)
FN:86,Cell
FN:90,(anonymous_9)
FN:106,DogNameInput
FN:111,handleChange
FN:117,(anonymous_12)
FN:133,App
FNF:14
FNH:0
FNDA:0,(anonymous_0)
FNDA:0,(anonymous_1)
FNDA:0,appReducer
FNDA:0,AppProvider
FNDA:0,useAppState
FNDA:0,useAppDispatch
FNDA:0,Grid
FNDA:0,(anonymous_7)
FNDA:0,Cell
FNDA:0,(anonymous_9)
FNDA:0,DogNameInput
FNDA:0,handleChange
FNDA:0,(anonymous_12)
FNDA:0,App
DA:14,0
DA:15,0
DA:17,0
DA:18,0
DA:22,0
DA:24,0
DA:27,0
DA:30,0
DA:33,0
DA:39,0
DA:43,0
DA:53,0
DA:54,0
DA:55,0
DA:57,0
DA:61,0
DA:62,0
DA:63,0
DA:65,0
DA:69,0
DA:70,0
DA:71,0
DA:72,0
DA:73,0
DA:84,0
DA:87,0
DA:88,0
DA:89,0
DA:90,0
DA:91,0
DA:104,0
DA:107,0
DA:108,0
DA:109,0
DA:112,0
DA:113,0
DA:116,0
DA:117,0
DA:134,0
DA:135,0
LF:40
LH:0
BRDA:22,0,0,0
BRDA:22,0,1,0
BRDA:22,0,2,0
BRDA:22,0,3,0
BRDA:54,1,0,0
BRDA:54,1,1,0
BRDA:62,2,0,0
BRDA:62,2,1,0
BRDA:96,3,0,0
BRDA:96,3,1,0
BRDA:125,4,0,0
BRDA:125,4,1,0
BRF:12
BRH:0
end_of_record
TN:
SF:src/final/05.js
FN:15,(anonymous_0)
FN:16,(anonymous_1)
FN:19,appReducer
FN:36,AppProvider
FN:41,(anonymous_4)
FN:49,useAppState
FN:57,Grid
FN:61,(anonymous_7)
FN:75,Cell
FN:78,(anonymous_9)
FN:94,DogNameInput
FN:98,handleChange
FN:104,(anonymous_12)
FN:121,App
FNF:14
FNH:12
FNDA:100,(anonymous_0)
FNDA:10000,(anonymous_1)
FNDA:6,appReducer
FNDA:7,AppProvider
FNDA:7,(anonymous_4)
FNDA:17514,useAppState
FNDA:7,Grid
FNDA:0,(anonymous_7)
FNDA:17500,Cell
FNDA:1,(anonymous_9)
FNDA:7,DogNameInput
FNDA:5,handleChange
FNDA:0,(anonymous_12)
FNDA:1,App
DA:13,1
DA:15,1
DA:16,10000
DA:20,6
DA:22,5
DA:25,1
DA:28,0
DA:31,0
DA:37,7
DA:41,7
DA:42,7
DA:50,17514
DA:51,17514
DA:52,0
DA:54,17514
DA:58,7
DA:59,7
DA:60,7
DA:61,7
DA:62,7
DA:73,1
DA:76,17500
DA:77,17500
DA:78,17500
DA:79,17500
DA:92,1
DA:95,7
DA:96,7
DA:99,5
DA:100,5
DA:103,7
DA:104,0
DA:122,1
DA:123,1
LF:34
LH:30
BRDA:20,0,0,5
BRDA:20,0,1,1
BRDA:20,0,2,0
BRDA:20,0,3,0
BRDA:51,1,0,0
BRDA:51,1,1,17514
BRDA:84,2,0,8855
BRDA:84,2,1,8645
BRDA:112,3,0,6
BRDA:112,3,1,1
BRF:10
BRH:7
end_of_record
TN:
SF:src/final/06.extra-1.js
FN:18,(anonymous_0)
FN:19,(anonymous_1)
FN:22,appReducer
FN:36,AppProvider
FN:49,useAppState
FN:57,useAppDispatch
FN:65,dogReducer
FN:76,DogProvider
FN:82,useDogState
FN:90,Grid
FN:94,(anonymous_10)
FN:108,Cell
FN:112,(anonymous_12)
FN:128,DogNameInput
FN:132,handleChange
FN:138,(anonymous_15)
FN:154,App
FNF:17
FNH:0
FNDA:0,(anonymous_0)
FNDA:0,(anonymous_1)
FNDA:0,appReducer
FNDA:0,AppProvider
FNDA:0,useAppState
FNDA:0,useAppDispatch
FNDA:0,dogReducer
FNDA:0,DogProvider
FNDA:0,useDogState
FNDA:0,Grid
FNDA:0,(anonymous_10)
FNDA:0,Cell
FNDA:0,(anonymous_12)
FNDA:0,DogNameInput
FNDA:0,handleChange
FNDA:0,(anonymous_15)
FNDA:0,App
DA:14,0
DA:15,0
DA:16,0
DA:18,0
DA:19,0
DA:23,0
DA:25,0
DA:28,0
DA:31,0
DA:37,0
DA:40,0
DA:50,0
DA:51,0
DA:52,0
DA:54,0
DA:58,0
DA:59,0
DA:60,0
DA:62,0
DA:66,0
DA:68,0
DA:71,0
DA:77,0
DA:78,0
DA:79,0
DA:83,0
DA:84,0
DA:85,0
DA:87,0
DA:91,0
DA:92,0
DA:93,0
DA:94,0
DA:95,0
DA:106,0
DA:109,0
DA:110,0
DA:111,0
DA:112,0
DA:113,0
DA:126,0
DA:129,0
DA:130,0
DA:133,0
DA:134,0
DA:137,0
DA:138,0
DA:155,0
DA:156,0
LF:49
LH:0
BRDA:23,0,0,0
BRDA:23,0,1,0
BRDA:23,0,2,0
BRDA:51,1,0,0
BRDA:51,1,1,0
BRDA:59,2,0,0
BRDA:59,2,1,0
BRDA:66,3,0,0
BRDA:66,3,1,0
BRDA:84,4,0,0
BRDA:84,4,1,0
BRDA:118,5,0,0
BRDA:118,5,1,0
BRDA:146,6,0,0
BRDA:146,6,1,0
BRF:15
BRH:0
end_of_record
TN:
SF:src/final/06.extra-2.js
FN:18,(anonymous_0)
FN:19,(anonymous_1)
FN:22,appReducer
FN:36,AppProvider
FN:49,useAppState
FN:57,useAppDispatch
FN:65,dogReducer
FN:76,DogProvider
FN:82,useDogState
FN:90,Grid
FN:94,(anonymous_10)
FN:108,Cell
FN:115,CellImpl
FN:117,(anonymous_13)
FN:133,DogNameInput
FN:137,handleChange
FN:143,(anonymous_16)
FN:159,App
FNF:18
FNH:0
FNDA:0,(anonymous_0)
FNDA:0,(anonymous_1)
FNDA:0,appReducer
FNDA:0,AppProvider
FNDA:0,useAppState
FNDA:0,useAppDispatch
FNDA:0,dogReducer
FNDA:0,DogProvider
FNDA:0,useDogState
FNDA:0,Grid
FNDA:0,(anonymous_10)
FNDA:0,Cell
FNDA:0,CellImpl
FNDA:0,(anonymous_13)
FNDA:0,DogNameInput
FNDA:0,handleChange
FNDA:0,(anonymous_16)
FNDA:0,App
DA:14,0
DA:15,0
DA:16,0
DA:18,0
DA:19,0
DA:23,0
DA:25,0
DA:28,0
DA:31,0
DA:37,0
DA:40,0
DA:50,0
DA:51,0
DA:52,0
DA:54,0
DA:58,0
DA:59,0
DA:60,0
DA:62,0
DA:66,0
DA:68,0
DA:71,0
DA:77,0
DA:78,0
DA:79,0
DA:83,0
DA:84,0
DA:85,0
DA:87,0
DA:91,0
DA:92,0
DA:93,0
DA:94,0
DA:95,0
DA:106,0
DA:109,0
DA:110,0
DA:111,0
DA:113,0
DA:116,0
DA:117,0
DA:118,0
DA:131,0
DA:134,0
DA:135,0
DA:138,0
DA:139,0
DA:142,0
DA:143,0
DA:160,0
DA:161,0
LF:51
LH:0
BRDA:23,0,0,0
BRDA:23,0,1,0
BRDA:23,0,2,0
BRDA:51,1,0,0
BRDA:51,1,1,0
BRDA:59,2,0,0
BRDA:59,2,1,0
BRDA:66,3,0,0
BRDA:66,3,1,0
BRDA:84,4,0,0
BRDA:84,4,1,0
BRDA:123,5,0,0
BRDA:123,5,1,0
BRDA:151,6,0,0
BRDA:151,6,1,0
BRF:15
BRH:0
end_of_record
TN:
SF:src/final/06.extra-3.js
FN:18,(anonymous_0)
FN:19,(anonymous_1)
FN:22,appReducer
FN:36,AppProvider
FN:49,useAppState
FN:57,useAppDispatch
FN:65,dogReducer
FN:76,DogProvider
FN:82,useDogState
FN:90,Grid
FN:94,(anonymous_10)
FN:108,withStateSlice
FN:110,Wrapper
FN:118,Cell
FN:120,(anonymous_14)
FN:134,(anonymous_15)
FN:136,DogNameInput
FN:140,handleChange
FN:146,(anonymous_18)
FN:163,App
FNF:20
FNH:0
FNDA:0,(anonymous_0)
FNDA:0,(anonymous_1)
FNDA:0,appReducer
FNDA:0,AppProvider
FNDA:0,useAppState
FNDA:0,useAppDispatch
FNDA:0,dogReducer
FNDA:0,DogProvider
FNDA:0,useDogState
FNDA:0,Grid
FNDA:0,(anonymous_10)
FNDA:0,withStateSlice
FNDA:0,Wrapper
FNDA:0,Cell
FNDA:0,(anonymous_14)
FNDA:0,(anonymous_15)
FNDA:0,DogNameInput
FNDA:0,handleChange
FNDA:0,(anonymous_18)
FNDA:0,App
DA:14,0
DA:15,0
DA:16,0
DA:18,0
DA:19,0
DA:23,0
DA:25,0
DA:28,0
DA:31,0
DA:37,0
DA:40,0
DA:50,0
DA:51,0
DA:52,0
DA:54,0
DA:58,0
DA:59,0
DA:60,0
DA:62,0
DA:66,0
DA:68,0
DA:71,0
DA:77,0
DA:78,0
DA:79,0
DA:83,0
DA:84,0
DA:85,0
DA:87,0
DA:91,0
DA:92,0
DA:93,0
DA:94,0
DA:95,0
DA:106,0
DA:109,0
DA:111,0
DA:112,0
DA:114,0
DA:115,0
DA:119,0
DA:120,0
DA:121,0
DA:134,0
DA:137,0
DA:138,0
DA:141,0
DA:142,0
DA:145,0
DA:146,0
DA:164,0
DA:165,0
LF:52
LH:0
BRDA:23,0,0,0
BRDA:23,0,1,0
BRDA:23,0,2,0
BRDA:51,1,0,0
BRDA:51,1,1,0
BRDA:59,2,0,0
BRDA:59,2,1,0
BRDA:66,3,0,0
BRDA:66,3,1,0
BRDA:84,4,0,0
BRDA:84,4,1,0
BRDA:114,5,0,0
BRDA:114,5,1,0
BRDA:126,6,0,0
BRDA:126,6,1,0
BRDA:154,7,0,0
BRDA:154,7,1,0
BRF:17
BRH:0
end_of_record
TN:
SF:src/final/06.extra-4.js
FN:11,(anonymous_0)
FN:12,(anonymous_1)
FN:17,(anonymous_2)
FN:20,useUpdateGrid
FN:21,(anonymous_4)
FN:21,(anonymous_5)
FN:32,appReducer
FN:43,AppProvider
FN:55,useAppState
FN:63,Grid
FN:67,(anonymous_10)
FN:80,Cell
FN:82,(anonymous_12)
FN:97,DogNameInput
FN:101,handleChange
FN:107,(anonymous_15)
FN:124,App
FNF:17
FNH:0
FNDA:0,(anonymous_0)
FNDA:0,(anonymous_1)
FNDA:0,(anonymous_2)
FNDA:0,useUpdateGrid
FNDA:0,(anonymous_4)
FNDA:0,(anonymous_5)
FNDA:0,appReducer
FNDA:0,AppProvider
FNDA:0,useAppState
FNDA:0,Grid
FNDA:0,(anonymous_10)
FNDA:0,Cell
FNDA:0,(anonymous_12)
FNDA:0,DogNameInput
FNDA:0,handleChange
FNDA:0,(anonymous_15)
FNDA:0,App
DA:9,0
DA:11,0
DA:12,0
DA:15,0
DA:17,0
DA:21,0
DA:22,0
DA:23,0
DA:24,0
DA:25,0
DA:33,0
DA:35,0
DA:38,0
DA:44,0
DA:47,0
DA:48,0
DA:56,0
DA:57,0
DA:58,0
DA:60,0
DA:64,0
DA:65,0
DA:66,0
DA:67,0
DA:68,0
DA:81,0
DA:82,0
DA:83,0
DA:98,0
DA:99,0
DA:102,0
DA:103,0
DA:106,0
DA:107,0
DA:125,0
DA:126,0
LF:36
LH:0
BRDA:24,0,0,0
BRDA:24,0,1,0
BRDA:33,1,0,0
BRDA:33,1,1,0
BRDA:57,2,0,0
BRDA:57,2,1,0
BRDA:88,3,0,0
BRDA:88,3,1,0
BRDA:115,4,0,0
BRDA:115,4,1,0
BRF:10
BRH:0
end_of_record
TN:
SF:src/final/06.js
FN:16,(anonymous_0)
FN:17,(anonymous_1)
FN:20,appReducer
FN:34,AppProvider
FN:47,useAppState
FN:55,useAppDispatch
FN:63,Grid
FN:67,(anonymous_7)
FN:81,Cell
FN:85,(anonymous_9)
FN:101,DogNameInput
FN:104,handleChange
FN:110,(anonymous_12)
FN:126,App
FNF:14
FNH:12
FNDA:100,(anonymous_0)
FNDA:10000,(anonymous_1)
FNDA:1,appReducer
FNDA:2,AppProvider
FNDA:5000,useAppState
FNDA:5001,useAppDispatch
FNDA:1,Grid
FNDA:0,(anonymous_7)
FNDA:5000,Cell
FNDA:1,(anonymous_9)
FNDA:6,DogNameInput
FNDA:5,handleChange
FNDA:0,(anonymous_12)
FNDA:1,App
DA:13,1
DA:14,1
DA:16,1
DA:17,10000
DA:21,1
DA:23,1
DA:26,0
DA:29,0
DA:35,2
DA:38,2
DA:48,5000
DA:49,5000
DA:50,0
DA:52,5000
DA:56,5001
DA:57,5001
DA:58,0
DA:60,5001
DA:64,1
DA:65,1
DA:66,1
DA:67,1
DA:68,1
DA:79,1
DA:82,5000
DA:83,5000
DA:84,5000
DA:85,5000
DA:86,5000
DA:99,1
DA:102,6
DA:105,5
DA:106,5
DA:109,6
DA:110,0
DA:127,1
DA:128,1
LF:37
LH:32
BRDA:21,0,0,1
BRDA:21,0,1,0
BRDA:21,0,2,0
BRDA:49,1,0,0
BRDA:49,1,1,5000
BRDA:57,2,0,0
BRDA:57,2,1,5001
BRDA:91,3,0,2395
BRDA:91,3,1,2605
BRDA:118,4,0,5
BRDA:118,4,1,1
BRF:11
BRH:7
end_of_record
TN:
SF:src/final/07.js
FN:7,Counter
FN:9,(anonymous_1)
FN:9,(anonymous_2)
FN:13,App
FNF:4
FNH:2
FNDA:2,Counter
FNDA:0,(anonymous_1)
FNDA:0,(anonymous_2)
FNDA:1,App
DA:8,2
DA:9,2
DA:10,2
DA:14,1
LF:4
LH:4
BRF:0
BRH:0
end_of_record
